Selection = search.mcts.selection.UCB1@1226510e
Playout = search.mcts.playout.RandomPlayout@5724dd2e
Backprop = search.mcts.backpropagation.MonteCarloBackprop@3e40107e
friendly name = MCTS-UCB1-1.41421356237-Random200
tree reuse = true
use score bounds = false
qinit = PARENT
playout value weight = 1.0
final move selection = search.mcts.finalmoveselection.RobustChild@6639c9dc
heuristics:
null

MCTS error in game: Co Chan Cho
java.lang.ArrayIndexOutOfBoundsException: Index -1 out of bounds for length 1
	at search.mcts.nodes.DeterministicNode.childForNthLegalMove(DeterministicNode.java:101)
	at search.mcts.nodes.DeterministicNode.childForNthLegalMove(DeterministicNode.java:14)
	at search.mcts.MCTS.lambda$selectAction$0(MCTS.java:640)
	at java.base/java.util.concurrent.Executors$RunnableAdapter.call(Executors.java:515)
	at java.base/java.util.concurrent.FutureTask.run(FutureTask.java:264)
	at java.base/java.util.concurrent.ThreadPoolExecutor.runWorker(ThreadPoolExecutor.java:1128)
	at java.base/java.util.concurrent.ThreadPoolExecutor$Worker.run(ThreadPoolExecutor.java:628)
	at java.base/java.lang.Thread.run(Thread.java:834)
Selection = search.mcts.selection.UCB1@1226510e
Playout = search.mcts.playout.RandomPlayout@5724dd2e
Backprop = search.mcts.backpropagation.MonteCarloBackprop@3e40107e
friendly name = MCTS-UCB1-1.41421356237-Random200
tree reuse = true
use score bounds = false
qinit = PARENT
playout value weight = 1.0
final move selection = search.mcts.finalmoveselection.RobustChild@6639c9dc
heuristics:
null

MCTS error in game: Co Chan Cho
java.lang.ArrayIndexOutOfBoundsException
Selection = search.mcts.selection.UCB1@1226510e
Playout = search.mcts.playout.RandomPlayout@5724dd2e
Backprop = search.mcts.backpropagation.MonteCarloBackprop@3e40107e
friendly name = MCTS-UCB1-1.41421356237-Random200
tree reuse = true
use score bounds = false
qinit = PARENT
playout value weight = 1.0
final move selection = search.mcts.finalmoveselection.RobustChild@6639c9dc
heuristics:
null

MCTS error in game: Co Chan Cho
java.lang.ArrayIndexOutOfBoundsException
