MCTS error in game: Bide
java.lang.ArrayIndexOutOfBoundsException: Index 32 out of bounds for length 32
	at other.state.zhash.HashedChunkStack.incrementSize(HashedChunkStack.java:482)
	at other.state.stacking.ContainerStateStacks.addItem(ContainerStateStacks.java:288)
	at other.state.stacking.BaseContainerStateStacking.addItemGeneric(BaseContainerStateStacking.java:170)
	at other.action.move.ActionAdd.applyStack(ActionAdd.java:336)
	at other.action.move.ActionAdd.apply(ActionAdd.java:285)
	at other.move.Move.apply(Move.java:507)
	at game.rules.play.moves.nonDecision.effect.requirement.Do.generateAndApplyPreMoves(Do.java:141)
	at game.rules.play.moves.nonDecision.effect.requirement.Do.eval(Do.java:91)
	at game.rules.play.moves.nonDecision.operators.logical.Or.eval(Or.java:152)
	at game.rules.play.moves.nonDecision.operators.logical.If.eval(If.java:131)
	at game.Game.moves(Game.java:2848)
	at other.model.AlternatingMove.playout(AlternatingMove.java:605)
	at game.Game.playout(Game.java:3635)
	at search.mcts.playout.MAST.runPlayout(MAST.java:66)
	at search.mcts.MCTS.lambda$selectAction$0(MCTS.java:706)
	at java.base/java.util.concurrent.Executors$RunnableAdapter.call(Executors.java:515)
	at java.base/java.util.concurrent.FutureTask.run(FutureTask.java:264)
	at java.base/java.util.concurrent.ThreadPoolExecutor.runWorker(ThreadPoolExecutor.java:1128)
	at java.base/java.util.concurrent.ThreadPoolExecutor$Worker.run(ThreadPoolExecutor.java:628)
	at java.base/java.lang.Thread.run(Thread.java:834)
MCTS error in game: Bide
java.lang.ArrayIndexOutOfBoundsException
MCTS error in game: Bide
java.lang.ArrayIndexOutOfBoundsException
MCTS error in game: Bide
java.lang.ArrayIndexOutOfBoundsException
MCTS error in game: Bide
java.lang.ArrayIndexOutOfBoundsException
MCTS error in game: Bide
java.lang.ArrayIndexOutOfBoundsException
MCTS error in game: Bide
java.lang.ArrayIndexOutOfBoundsException
MCTS error in game: Bide
java.lang.ArrayIndexOutOfBoundsException
MCTS error in game: Bide
java.lang.ArrayIndexOutOfBoundsException
MCTS error in game: Bide
java.lang.ArrayIndexOutOfBoundsException
MCTS error in game: Bide
java.lang.ArrayIndexOutOfBoundsException
MCTS error in game: Bide
java.lang.ArrayIndexOutOfBoundsException
MCTS error in game: Bide
java.lang.ArrayIndexOutOfBoundsException
MCTS error in game: Bide
java.lang.ArrayIndexOutOfBoundsException
MCTS error in game: Bide
java.lang.ArrayIndexOutOfBoundsException
MCTS error in game: Bide
java.lang.ArrayIndexOutOfBoundsException
