Selection = search.mcts.selection.UCB1GRAVE@18e066b8
Playout = search.mcts.playout.RandomPlayout@5de2fbc0
Backprop = search.mcts.backpropagation.MonteCarloBackprop@f46dbf9
friendly name = MCTS-UCB1GRAVE-0.6-Random0
tree reuse = true
use score bounds = false
qinit = PARENT
playout value weight = 1.0
final move selection = search.mcts.finalmoveselection.RobustChild@6c75a3c3
heuristics:
null

MCTS error in game: Dorvon Cag
java.lang.ArrayIndexOutOfBoundsException: Index -1 out of bounds for length 1
	at search.mcts.nodes.DeterministicNode.childForNthLegalMove(DeterministicNode.java:101)
	at search.mcts.nodes.DeterministicNode.childForNthLegalMove(DeterministicNode.java:14)
	at search.mcts.selection.UCB1GRAVE.select(UCB1GRAVE.java:162)
	at search.mcts.MCTS.lambda$selectAction$0(MCTS.java:639)
	at java.base/java.util.concurrent.Executors$RunnableAdapter.call(Executors.java:515)
	at java.base/java.util.concurrent.FutureTask.run(FutureTask.java:264)
	at java.base/java.util.concurrent.ThreadPoolExecutor.runWorker(ThreadPoolExecutor.java:1128)
	at java.base/java.util.concurrent.ThreadPoolExecutor$Worker.run(ThreadPoolExecutor.java:628)
	at java.base/java.lang.Thread.run(Thread.java:834)
Selection = search.mcts.selection.UCB1GRAVE@18e066b8
Playout = search.mcts.playout.RandomPlayout@5de2fbc0
Backprop = search.mcts.backpropagation.MonteCarloBackprop@f46dbf9
friendly name = MCTS-UCB1GRAVE-0.6-Random0
tree reuse = true
use score bounds = false
qinit = PARENT
playout value weight = 1.0
final move selection = search.mcts.finalmoveselection.RobustChild@6c75a3c3
heuristics:
null

MCTS error in game: Dorvon Cag
java.lang.ArrayIndexOutOfBoundsException
