Selection = search.mcts.selection.UCB1GRAVE@37d21ece
Playout = search.mcts.playout.MAST@8e9e951
Backprop = search.mcts.backpropagation.MonteCarloBackprop@62f0c05
friendly name = MCTS-UCB1GRAVE-0.1-MAST
tree reuse = true
use score bounds = true
qinit = INF
playout value weight = 1.0
final move selection = search.mcts.finalmoveselection.RobustChild@70fea53e
heuristics:
null

MCTS error in game: Mysore Tiger Game
java.lang.ArrayIndexOutOfBoundsException: Index -1 out of bounds for length 1
	at search.mcts.nodes.DeterministicNode.childForNthLegalMove(DeterministicNode.java:101)
	at search.mcts.nodes.DeterministicNode.childForNthLegalMove(DeterministicNode.java:14)
	at search.mcts.selection.UCB1GRAVE.select(UCB1GRAVE.java:162)
	at search.mcts.MCTS.lambda$selectAction$0(MCTS.java:639)
	at java.base/java.util.concurrent.Executors$RunnableAdapter.call(Executors.java:515)
	at java.base/java.util.concurrent.FutureTask.run(FutureTask.java:264)
	at java.base/java.util.concurrent.ThreadPoolExecutor.runWorker(ThreadPoolExecutor.java:1128)
	at java.base/java.util.concurrent.ThreadPoolExecutor$Worker.run(ThreadPoolExecutor.java:628)
	at java.base/java.lang.Thread.run(Thread.java:834)
Selection = search.mcts.selection.UCB1@461c2ce0
Playout = search.mcts.playout.MAST@48dbca53
Backprop = search.mcts.backpropagation.MonteCarloBackprop@4ce44790
friendly name = MCTS-UCB1-1.41421356237-MAST
tree reuse = true
use score bounds = false
qinit = PARENT
playout value weight = 1.0
final move selection = search.mcts.finalmoveselection.RobustChild@9e6c068
heuristics:
null

MCTS error in game: Mysore Tiger Game
java.lang.ArrayIndexOutOfBoundsException
Selection = search.mcts.selection.UCB1GRAVE@37d21ece
Playout = search.mcts.playout.MAST@8e9e951
Backprop = search.mcts.backpropagation.MonteCarloBackprop@62f0c05
friendly name = MCTS-UCB1GRAVE-0.1-MAST
tree reuse = true
use score bounds = true
qinit = INF
playout value weight = 1.0
final move selection = search.mcts.finalmoveselection.RobustChild@70fea53e
heuristics:
null

MCTS error in game: Mysore Tiger Game
java.lang.ArrayIndexOutOfBoundsException
Selection = search.mcts.selection.UCB1GRAVE@37d21ece
Playout = search.mcts.playout.MAST@8e9e951
Backprop = search.mcts.backpropagation.MonteCarloBackprop@62f0c05
friendly name = MCTS-UCB1GRAVE-0.1-MAST
tree reuse = true
use score bounds = true
qinit = INF
playout value weight = 1.0
final move selection = search.mcts.finalmoveselection.RobustChild@70fea53e
heuristics:
null

MCTS error in game: Mysore Tiger Game
java.lang.ArrayIndexOutOfBoundsException
Selection = search.mcts.selection.UCB1GRAVE@37d21ece
Playout = search.mcts.playout.MAST@8e9e951
Backprop = search.mcts.backpropagation.MonteCarloBackprop@62f0c05
friendly name = MCTS-UCB1GRAVE-0.1-MAST
tree reuse = true
use score bounds = true
qinit = INF
playout value weight = 1.0
final move selection = search.mcts.finalmoveselection.RobustChild@70fea53e
heuristics:
null

MCTS error in game: Mysore Tiger Game
java.lang.ArrayIndexOutOfBoundsException
