Selection = search.mcts.selection.UCB1GRAVE@2d0e4ac1
Playout = search.mcts.playout.RandomPlayout@680cd104
Backprop = search.mcts.backpropagation.MonteCarloBackprop@7e619e1d
friendly name = MCTS-UCB1GRAVE-1.41421356237-Random4
tree reuse = true
use score bounds = false
qinit = PARENT
playout value weight = 1.0
final move selection = search.mcts.finalmoveselection.RobustChild@59ae5acd
heuristics:
null

MCTS error in game: Pancha Keliya
java.lang.ArrayIndexOutOfBoundsException: Index -1 out of bounds for length 1
	at search.mcts.nodes.OpenLoopNode.childForNthLegalMove(OpenLoopNode.java:103)
	at search.mcts.nodes.OpenLoopNode.childForNthLegalMove(OpenLoopNode.java:20)
	at search.mcts.selection.UCB1GRAVE.select(UCB1GRAVE.java:162)
	at search.mcts.MCTS.lambda$selectAction$0(MCTS.java:639)
	at java.base/java.util.concurrent.Executors$RunnableAdapter.call(Executors.java:515)
	at java.base/java.util.concurrent.FutureTask.run(FutureTask.java:264)
	at java.base/java.util.concurrent.ThreadPoolExecutor.runWorker(ThreadPoolExecutor.java:1128)
	at java.base/java.util.concurrent.ThreadPoolExecutor$Worker.run(ThreadPoolExecutor.java:628)
	at java.base/java.lang.Thread.run(Thread.java:834)
