Selection = search.mcts.selection.UCB1Tuned@589a6ef6
Playout = search.mcts.playout.RandomPlayout@1d98fb81
Backprop = search.mcts.backpropagation.MonteCarloBackprop@5f949381
friendly name = MCTS-UCB1Tuned-0.6-Random4
tree reuse = true
use score bounds = false
qinit = PARENT
playout value weight = 1.0
final move selection = search.mcts.finalmoveselection.RobustChild@2c4f81e8
heuristics:
null

MCTS error in game: Senet
java.lang.ArrayIndexOutOfBoundsException: Index -1 out of bounds for length 1
	at search.mcts.nodes.OpenLoopNode.childForNthLegalMove(OpenLoopNode.java:103)
	at search.mcts.nodes.OpenLoopNode.childForNthLegalMove(OpenLoopNode.java:20)
	at search.mcts.MCTS.lambda$selectAction$0(MCTS.java:640)
	at java.base/java.util.concurrent.Executors$RunnableAdapter.call(Executors.java:515)
	at java.base/java.util.concurrent.FutureTask.run(FutureTask.java:264)
	at java.base/java.util.concurrent.ThreadPoolExecutor.runWorker(ThreadPoolExecutor.java:1128)
	at java.base/java.util.concurrent.ThreadPoolExecutor$Worker.run(ThreadPoolExecutor.java:628)
	at java.base/java.lang.Thread.run(Thread.java:834)
