Selection = search.mcts.selection.UCB1Tuned@720797ef
Playout = search.mcts.playout.RandomPlayout@370507cb
Backprop = search.mcts.backpropagation.MonteCarloBackprop@30990eb0
friendly name = MCTS-UCB1Tuned-0.6-Random200
tree reuse = true
use score bounds = true
qinit = PARENT
playout value weight = 1.0
final move selection = search.mcts.finalmoveselection.RobustChild@6f8d2de
heuristics:
null

MCTS error in game: Tapata
java.lang.ArrayIndexOutOfBoundsException: Index -1 out of bounds for length 1
	at search.mcts.nodes.DeterministicNode.childForNthLegalMove(DeterministicNode.java:101)
	at search.mcts.nodes.DeterministicNode.childForNthLegalMove(DeterministicNode.java:14)
	at search.mcts.MCTS.lambda$selectAction$0(MCTS.java:640)
	at java.base/java.util.concurrent.Executors$RunnableAdapter.call(Executors.java:515)
	at java.base/java.util.concurrent.FutureTask.run(FutureTask.java:264)
	at java.base/java.util.concurrent.ThreadPoolExecutor.runWorker(ThreadPoolExecutor.java:1128)
	at java.base/java.util.concurrent.ThreadPoolExecutor$Worker.run(ThreadPoolExecutor.java:628)
	at java.base/java.lang.Thread.run(Thread.java:834)
Selection = search.mcts.selection.UCB1Tuned@720797ef
Playout = search.mcts.playout.RandomPlayout@370507cb
Backprop = search.mcts.backpropagation.MonteCarloBackprop@30990eb0
friendly name = MCTS-UCB1Tuned-0.6-Random200
tree reuse = true
use score bounds = true
qinit = PARENT
playout value weight = 1.0
final move selection = search.mcts.finalmoveselection.RobustChild@6f8d2de
heuristics:
null

MCTS error in game: Tapata
java.lang.ArrayIndexOutOfBoundsException
Selection = search.mcts.selection.UCB1Tuned@720797ef
Playout = search.mcts.playout.RandomPlayout@370507cb
Backprop = search.mcts.backpropagation.MonteCarloBackprop@30990eb0
friendly name = MCTS-UCB1Tuned-0.6-Random200
tree reuse = true
use score bounds = true
qinit = PARENT
playout value weight = 1.0
final move selection = search.mcts.finalmoveselection.RobustChild@6f8d2de
heuristics:
null

MCTS error in game: Tapata
java.lang.ArrayIndexOutOfBoundsException
Selection = search.mcts.selection.UCB1Tuned@720797ef
Playout = search.mcts.playout.RandomPlayout@370507cb
Backprop = search.mcts.backpropagation.MonteCarloBackprop@30990eb0
friendly name = MCTS-UCB1Tuned-0.6-Random200
tree reuse = true
use score bounds = true
qinit = PARENT
playout value weight = 1.0
final move selection = search.mcts.finalmoveselection.RobustChild@6f8d2de
heuristics:
null

MCTS error in game: Tapata
java.lang.ArrayIndexOutOfBoundsException
Selection = search.mcts.selection.UCB1Tuned@720797ef
Playout = search.mcts.playout.RandomPlayout@370507cb
Backprop = search.mcts.backpropagation.MonteCarloBackprop@30990eb0
friendly name = MCTS-UCB1Tuned-0.6-Random200
tree reuse = true
use score bounds = true
qinit = PARENT
playout value weight = 1.0
final move selection = search.mcts.finalmoveselection.RobustChild@6f8d2de
heuristics:
null

MCTS error in game: Tapata
java.lang.ArrayIndexOutOfBoundsException
Selection = search.mcts.selection.UCB1Tuned@720797ef
Playout = search.mcts.playout.RandomPlayout@370507cb
Backprop = search.mcts.backpropagation.MonteCarloBackprop@30990eb0
friendly name = MCTS-UCB1Tuned-0.6-Random200
tree reuse = true
use score bounds = true
qinit = PARENT
playout value weight = 1.0
final move selection = search.mcts.finalmoveselection.RobustChild@6f8d2de
heuristics:
null

MCTS error in game: Tapata
java.lang.ArrayIndexOutOfBoundsException
Selection = search.mcts.selection.UCB1Tuned@720797ef
Playout = search.mcts.playout.RandomPlayout@370507cb
Backprop = search.mcts.backpropagation.MonteCarloBackprop@30990eb0
friendly name = MCTS-UCB1Tuned-0.6-Random200
tree reuse = true
use score bounds = true
qinit = PARENT
playout value weight = 1.0
final move selection = search.mcts.finalmoveselection.RobustChild@6f8d2de
heuristics:
null

MCTS error in game: Tapata
java.lang.ArrayIndexOutOfBoundsException
Selection = search.mcts.selection.UCB1Tuned@720797ef
Playout = search.mcts.playout.RandomPlayout@370507cb
Backprop = search.mcts.backpropagation.MonteCarloBackprop@30990eb0
friendly name = MCTS-UCB1Tuned-0.6-Random200
tree reuse = true
use score bounds = true
qinit = PARENT
playout value weight = 1.0
final move selection = search.mcts.finalmoveselection.RobustChild@6f8d2de
heuristics:
null

MCTS error in game: Tapata
java.lang.ArrayIndexOutOfBoundsException
Selection = search.mcts.selection.UCB1Tuned@720797ef
Playout = search.mcts.playout.RandomPlayout@370507cb
Backprop = search.mcts.backpropagation.MonteCarloBackprop@30990eb0
friendly name = MCTS-UCB1Tuned-0.6-Random200
tree reuse = true
use score bounds = true
qinit = PARENT
playout value weight = 1.0
final move selection = search.mcts.finalmoveselection.RobustChild@6f8d2de
heuristics:
null

MCTS error in game: Tapata
java.lang.ArrayIndexOutOfBoundsException
Selection = search.mcts.selection.UCB1Tuned@720797ef
Playout = search.mcts.playout.RandomPlayout@370507cb
Backprop = search.mcts.backpropagation.MonteCarloBackprop@30990eb0
friendly name = MCTS-UCB1Tuned-0.6-Random200
tree reuse = true
use score bounds = true
qinit = PARENT
playout value weight = 1.0
final move selection = search.mcts.finalmoveselection.RobustChild@6f8d2de
heuristics:
null

MCTS error in game: Tapata
java.lang.ArrayIndexOutOfBoundsException
Selection = search.mcts.selection.UCB1Tuned@720797ef
Playout = search.mcts.playout.RandomPlayout@370507cb
Backprop = search.mcts.backpropagation.MonteCarloBackprop@30990eb0
friendly name = MCTS-UCB1Tuned-0.6-Random200
tree reuse = true
use score bounds = true
qinit = PARENT
playout value weight = 1.0
final move selection = search.mcts.finalmoveselection.RobustChild@6f8d2de
heuristics:
null

MCTS error in game: Tapata
java.lang.ArrayIndexOutOfBoundsException
Selection = search.mcts.selection.UCB1Tuned@720797ef
Playout = search.mcts.playout.RandomPlayout@370507cb
Backprop = search.mcts.backpropagation.MonteCarloBackprop@30990eb0
friendly name = MCTS-UCB1Tuned-0.6-Random200
tree reuse = true
use score bounds = true
qinit = PARENT
playout value weight = 1.0
final move selection = search.mcts.finalmoveselection.RobustChild@6f8d2de
heuristics:
null

MCTS error in game: Tapata
java.lang.ArrayIndexOutOfBoundsException
Selection = search.mcts.selection.UCB1Tuned@720797ef
Playout = search.mcts.playout.RandomPlayout@370507cb
Backprop = search.mcts.backpropagation.MonteCarloBackprop@30990eb0
friendly name = MCTS-UCB1Tuned-0.6-Random200
tree reuse = true
use score bounds = true
qinit = PARENT
playout value weight = 1.0
final move selection = search.mcts.finalmoveselection.RobustChild@6f8d2de
heuristics:
null

MCTS error in game: Tapata
java.lang.ArrayIndexOutOfBoundsException
Selection = search.mcts.selection.UCB1Tuned@720797ef
Playout = search.mcts.playout.RandomPlayout@370507cb
Backprop = search.mcts.backpropagation.MonteCarloBackprop@30990eb0
friendly name = MCTS-UCB1Tuned-0.6-Random200
tree reuse = true
use score bounds = true
qinit = PARENT
playout value weight = 1.0
final move selection = search.mcts.finalmoveselection.RobustChild@6f8d2de
heuristics:
null

MCTS error in game: Tapata
java.lang.ArrayIndexOutOfBoundsException
