Selection = search.mcts.selection.UCB1Tuned@1e3bbf3a
Playout = search.mcts.playout.RandomPlayout@5b393299
Backprop = search.mcts.backpropagation.MonteCarloBackprop@51d2dc30
friendly name = MCTS-UCB1Tuned-1.41421356237-Random200
tree reuse = true
use score bounds = false
qinit = PARENT
playout value weight = 1.0
final move selection = search.mcts.finalmoveselection.RobustChild@6a282f80
heuristics:
null

MCTS error in game: Siryu (Race)
java.lang.ArrayIndexOutOfBoundsException: Index -1 out of bounds for length 1
	at search.mcts.nodes.OpenLoopNode.childForNthLegalMove(OpenLoopNode.java:103)
	at search.mcts.nodes.OpenLoopNode.childForNthLegalMove(OpenLoopNode.java:20)
	at search.mcts.MCTS.lambda$selectAction$0(MCTS.java:640)
	at java.base/java.util.concurrent.Executors$RunnableAdapter.call(Executors.java:515)
	at java.base/java.util.concurrent.FutureTask.run(FutureTask.java:264)
	at java.base/java.util.concurrent.ThreadPoolExecutor.runWorker(ThreadPoolExecutor.java:1128)
	at java.base/java.util.concurrent.ThreadPoolExecutor$Worker.run(ThreadPoolExecutor.java:628)
	at java.base/java.lang.Thread.run(Thread.java:834)
