Selection = search.mcts.selection.UCB1@76b8f3f2
Playout = search.mcts.playout.MAST@5fd7a32c
Backprop = search.mcts.backpropagation.MonteCarloBackprop@478442ae
friendly name = MCTS-UCB1-0.1-MAST
tree reuse = true
use score bounds = false
qinit = INF
playout value weight = 1.0
final move selection = search.mcts.finalmoveselection.RobustChild@27014ccc
heuristics:
null

MCTS error in game: Snailtrail
java.lang.ArrayIndexOutOfBoundsException: Index -1 out of bounds for length 1
	at search.mcts.nodes.DeterministicNode.childForNthLegalMove(DeterministicNode.java:101)
	at search.mcts.nodes.DeterministicNode.childForNthLegalMove(DeterministicNode.java:14)
	at search.mcts.MCTS.lambda$selectAction$0(MCTS.java:640)
	at java.base/java.util.concurrent.Executors$RunnableAdapter.call(Executors.java:515)
	at java.base/java.util.concurrent.FutureTask.run(FutureTask.java:264)
	at java.base/java.util.concurrent.ThreadPoolExecutor.runWorker(ThreadPoolExecutor.java:1128)
	at java.base/java.util.concurrent.ThreadPoolExecutor$Worker.run(ThreadPoolExecutor.java:628)
	at java.base/java.lang.Thread.run(Thread.java:834)
Selection = search.mcts.selection.UCB1@76b8f3f2
Playout = search.mcts.playout.MAST@5fd7a32c
Backprop = search.mcts.backpropagation.MonteCarloBackprop@478442ae
friendly name = MCTS-UCB1-0.1-MAST
tree reuse = true
use score bounds = false
qinit = INF
playout value weight = 1.0
final move selection = search.mcts.finalmoveselection.RobustChild@27014ccc
heuristics:
null

MCTS error in game: Snailtrail
java.lang.ArrayIndexOutOfBoundsException
Selection = search.mcts.selection.UCB1@76b8f3f2
Playout = search.mcts.playout.MAST@5fd7a32c
Backprop = search.mcts.backpropagation.MonteCarloBackprop@478442ae
friendly name = MCTS-UCB1-0.1-MAST
tree reuse = true
use score bounds = false
qinit = INF
playout value weight = 1.0
final move selection = search.mcts.finalmoveselection.RobustChild@27014ccc
heuristics:
null

MCTS error in game: Snailtrail
java.lang.ArrayIndexOutOfBoundsException
