Selection = search.mcts.selection.UCB1@5b21e54a
Playout = search.mcts.playout.RandomPlayout@1e23704a
Backprop = search.mcts.backpropagation.MonteCarloBackprop@31695ea
friendly name = MCTS-UCB1-1.41421356237-Random0
tree reuse = true
use score bounds = true
qinit = PARENT
playout value weight = 1.0
final move selection = search.mcts.finalmoveselection.RobustChild@2ff7aa0b
heuristics:
null

MCTS error in game: Awithlaknakwe
java.lang.ArrayIndexOutOfBoundsException: Index -1 out of bounds for length 1
	at search.mcts.nodes.DeterministicNode.childForNthLegalMove(DeterministicNode.java:101)
	at search.mcts.nodes.DeterministicNode.childForNthLegalMove(DeterministicNode.java:14)
	at search.mcts.MCTS.lambda$selectAction$0(MCTS.java:640)
	at java.base/java.util.concurrent.Executors$RunnableAdapter.call(Executors.java:515)
	at java.base/java.util.concurrent.FutureTask.run(FutureTask.java:264)
	at java.base/java.util.concurrent.ThreadPoolExecutor.runWorker(ThreadPoolExecutor.java:1128)
	at java.base/java.util.concurrent.ThreadPoolExecutor$Worker.run(ThreadPoolExecutor.java:628)
	at java.base/java.lang.Thread.run(Thread.java:834)
Selection = search.mcts.selection.UCB1@5b21e54a
Playout = search.mcts.playout.RandomPlayout@1e23704a
Backprop = search.mcts.backpropagation.MonteCarloBackprop@31695ea
friendly name = MCTS-UCB1-1.41421356237-Random0
tree reuse = true
use score bounds = true
qinit = PARENT
playout value weight = 1.0
final move selection = search.mcts.finalmoveselection.RobustChild@2ff7aa0b
heuristics:
null

MCTS error in game: Awithlaknakwe
java.lang.ArrayIndexOutOfBoundsException
Selection = search.mcts.selection.UCB1@5b21e54a
Playout = search.mcts.playout.RandomPlayout@1e23704a
Backprop = search.mcts.backpropagation.MonteCarloBackprop@31695ea
friendly name = MCTS-UCB1-1.41421356237-Random0
tree reuse = true
use score bounds = true
qinit = PARENT
playout value weight = 1.0
final move selection = search.mcts.finalmoveselection.RobustChild@2ff7aa0b
heuristics:
null

MCTS error in game: Awithlaknakwe
java.lang.ArrayIndexOutOfBoundsException
Selection = search.mcts.selection.UCB1@5b21e54a
Playout = search.mcts.playout.RandomPlayout@1e23704a
Backprop = search.mcts.backpropagation.MonteCarloBackprop@31695ea
friendly name = MCTS-UCB1-1.41421356237-Random0
tree reuse = true
use score bounds = true
qinit = PARENT
playout value weight = 1.0
final move selection = search.mcts.finalmoveselection.RobustChild@2ff7aa0b
heuristics:
null

MCTS error in game: Awithlaknakwe
java.lang.ArrayIndexOutOfBoundsException
Selection = search.mcts.selection.UCB1@5b21e54a
Playout = search.mcts.playout.RandomPlayout@1e23704a
Backprop = search.mcts.backpropagation.MonteCarloBackprop@31695ea
friendly name = MCTS-UCB1-1.41421356237-Random0
tree reuse = true
use score bounds = true
qinit = PARENT
playout value weight = 1.0
final move selection = search.mcts.finalmoveselection.RobustChild@2ff7aa0b
heuristics:
null

MCTS error in game: Awithlaknakwe
java.lang.ArrayIndexOutOfBoundsException
