Selection = search.mcts.selection.UCB1Tuned@35c49acd
Playout = search.mcts.playout.MAST@70c60211
Backprop = search.mcts.backpropagation.MonteCarloBackprop@28afb4ad
friendly name = MCTS-UCB1Tuned-0.1-MAST
tree reuse = true
use score bounds = false
qinit = INF
playout value weight = 1.0
final move selection = search.mcts.finalmoveselection.RobustChild@417c53ca
heuristics:
null

MCTS error in game: Nim
java.lang.ArrayIndexOutOfBoundsException: Index -1 out of bounds for length 1
	at search.mcts.nodes.DeterministicNode.childForNthLegalMove(DeterministicNode.java:101)
	at search.mcts.nodes.DeterministicNode.childForNthLegalMove(DeterministicNode.java:14)
	at search.mcts.MCTS.lambda$selectAction$0(MCTS.java:640)
	at java.base/java.util.concurrent.Executors$RunnableAdapter.call(Executors.java:515)
	at java.base/java.util.concurrent.FutureTask.run(FutureTask.java:264)
	at java.base/java.util.concurrent.ThreadPoolExecutor.runWorker(ThreadPoolExecutor.java:1128)
	at java.base/java.util.concurrent.ThreadPoolExecutor$Worker.run(ThreadPoolExecutor.java:628)
	at java.base/java.lang.Thread.run(Thread.java:834)
Selection = search.mcts.selection.UCB1Tuned@1c3c679c
Playout = search.mcts.playout.NST@12fb9a6b
Backprop = search.mcts.backpropagation.MonteCarloBackprop@16c40cec
friendly name = MCTS-UCB1Tuned-0.6-NST
tree reuse = true
use score bounds = false
qinit = PARENT
playout value weight = 1.0
final move selection = search.mcts.finalmoveselection.RobustChild@53c69050
heuristics:
null

MCTS error in game: Nim
java.lang.ArrayIndexOutOfBoundsException
Selection = search.mcts.selection.UCB1Tuned@1c3c679c
Playout = search.mcts.playout.NST@12fb9a6b
Backprop = search.mcts.backpropagation.MonteCarloBackprop@16c40cec
friendly name = MCTS-UCB1Tuned-0.6-NST
tree reuse = true
use score bounds = false
qinit = PARENT
playout value weight = 1.0
final move selection = search.mcts.finalmoveselection.RobustChild@53c69050
heuristics:
null

MCTS error in game: Nim
java.lang.ArrayIndexOutOfBoundsException
