Selection = search.mcts.selection.UCB1@619c4cd7
Playout = search.mcts.playout.RandomPlayout@249ece80
Backprop = search.mcts.backpropagation.MonteCarloBackprop@6e0d8cab
friendly name = MCTS-UCB1-0.1-Random200
tree reuse = true
use score bounds = true
qinit = INF
playout value weight = 1.0
final move selection = search.mcts.finalmoveselection.RobustChild@15f00bcd
heuristics:
null

MCTS error in game: Fibonacci Nim
java.lang.ArrayIndexOutOfBoundsException: Index -1 out of bounds for length 1
	at search.mcts.nodes.DeterministicNode.childForNthLegalMove(DeterministicNode.java:101)
	at search.mcts.nodes.DeterministicNode.childForNthLegalMove(DeterministicNode.java:14)
	at search.mcts.MCTS.lambda$selectAction$0(MCTS.java:640)
	at java.base/java.util.concurrent.Executors$RunnableAdapter.call(Executors.java:515)
	at java.base/java.util.concurrent.FutureTask.run(FutureTask.java:264)
	at java.base/java.util.concurrent.ThreadPoolExecutor.runWorker(ThreadPoolExecutor.java:1128)
	at java.base/java.util.concurrent.ThreadPoolExecutor$Worker.run(ThreadPoolExecutor.java:628)
	at java.base/java.lang.Thread.run(Thread.java:834)
Selection = search.mcts.selection.UCB1@619c4cd7
Playout = search.mcts.playout.RandomPlayout@249ece80
Backprop = search.mcts.backpropagation.MonteCarloBackprop@6e0d8cab
friendly name = MCTS-UCB1-0.1-Random200
tree reuse = true
use score bounds = true
qinit = INF
playout value weight = 1.0
final move selection = search.mcts.finalmoveselection.RobustChild@15f00bcd
heuristics:
null

MCTS error in game: Fibonacci Nim
java.lang.ArrayIndexOutOfBoundsException
Selection = search.mcts.selection.UCB1@619c4cd7
Playout = search.mcts.playout.RandomPlayout@249ece80
Backprop = search.mcts.backpropagation.MonteCarloBackprop@6e0d8cab
friendly name = MCTS-UCB1-0.1-Random200
tree reuse = true
use score bounds = true
qinit = INF
playout value weight = 1.0
final move selection = search.mcts.finalmoveselection.RobustChild@15f00bcd
heuristics:
null

MCTS error in game: Fibonacci Nim
java.lang.ArrayIndexOutOfBoundsException
Selection = search.mcts.selection.UCB1@619c4cd7
Playout = search.mcts.playout.RandomPlayout@249ece80
Backprop = search.mcts.backpropagation.MonteCarloBackprop@6e0d8cab
friendly name = MCTS-UCB1-0.1-Random200
tree reuse = true
use score bounds = true
qinit = INF
playout value weight = 1.0
final move selection = search.mcts.finalmoveselection.RobustChild@15f00bcd
heuristics:
null

MCTS error in game: Fibonacci Nim
java.lang.ArrayIndexOutOfBoundsException
Selection = search.mcts.selection.UCB1GRAVE@4a736cab
Playout = search.mcts.playout.MAST@44b49b95
Backprop = search.mcts.backpropagation.MonteCarloBackprop@408b07db
friendly name = MCTS-UCB1GRAVE-0.1-MAST
tree reuse = true
use score bounds = false
qinit = INF
playout value weight = 1.0
final move selection = search.mcts.finalmoveselection.RobustChild@58991ae
heuristics:
null

MCTS error in game: Fibonacci Nim
java.lang.ArrayIndexOutOfBoundsException: Index -1 out of bounds for length 1
	at search.mcts.nodes.DeterministicNode.childForNthLegalMove(DeterministicNode.java:101)
	at search.mcts.nodes.DeterministicNode.childForNthLegalMove(DeterministicNode.java:14)
	at search.mcts.selection.UCB1GRAVE.select(UCB1GRAVE.java:162)
	at search.mcts.MCTS.lambda$selectAction$0(MCTS.java:639)
	at java.base/java.util.concurrent.Executors$RunnableAdapter.call(Executors.java:515)
	at java.base/java.util.concurrent.FutureTask.run(FutureTask.java:264)
	at java.base/java.util.concurrent.ThreadPoolExecutor.runWorker(ThreadPoolExecutor.java:1128)
	at java.base/java.util.concurrent.ThreadPoolExecutor$Worker.run(ThreadPoolExecutor.java:628)
	at java.base/java.lang.Thread.run(Thread.java:834)
Selection = search.mcts.selection.UCB1@619c4cd7
Playout = search.mcts.playout.RandomPlayout@249ece80
Backprop = search.mcts.backpropagation.MonteCarloBackprop@6e0d8cab
friendly name = MCTS-UCB1-0.1-Random200
tree reuse = true
use score bounds = true
qinit = INF
playout value weight = 1.0
final move selection = search.mcts.finalmoveselection.RobustChild@15f00bcd
heuristics:
null

MCTS error in game: Fibonacci Nim
java.lang.ArrayIndexOutOfBoundsException
Selection = search.mcts.selection.UCB1@619c4cd7
Playout = search.mcts.playout.RandomPlayout@249ece80
Backprop = search.mcts.backpropagation.MonteCarloBackprop@6e0d8cab
friendly name = MCTS-UCB1-0.1-Random200
tree reuse = true
use score bounds = true
qinit = INF
playout value weight = 1.0
final move selection = search.mcts.finalmoveselection.RobustChild@15f00bcd
heuristics:
null

MCTS error in game: Fibonacci Nim
java.lang.ArrayIndexOutOfBoundsException
Selection = search.mcts.selection.UCB1@619c4cd7
Playout = search.mcts.playout.RandomPlayout@249ece80
Backprop = search.mcts.backpropagation.MonteCarloBackprop@6e0d8cab
friendly name = MCTS-UCB1-0.1-Random200
tree reuse = true
use score bounds = true
qinit = INF
playout value weight = 1.0
final move selection = search.mcts.finalmoveselection.RobustChild@15f00bcd
heuristics:
null

MCTS error in game: Fibonacci Nim
java.lang.ArrayIndexOutOfBoundsException
Selection = search.mcts.selection.UCB1@619c4cd7
Playout = search.mcts.playout.RandomPlayout@249ece80
Backprop = search.mcts.backpropagation.MonteCarloBackprop@6e0d8cab
friendly name = MCTS-UCB1-0.1-Random200
tree reuse = true
use score bounds = true
qinit = INF
playout value weight = 1.0
final move selection = search.mcts.finalmoveselection.RobustChild@15f00bcd
heuristics:
null

MCTS error in game: Fibonacci Nim
java.lang.ArrayIndexOutOfBoundsException
Selection = search.mcts.selection.UCB1GRAVE@4a736cab
Playout = search.mcts.playout.MAST@44b49b95
Backprop = search.mcts.backpropagation.MonteCarloBackprop@408b07db
friendly name = MCTS-UCB1GRAVE-0.1-MAST
tree reuse = true
use score bounds = false
qinit = INF
playout value weight = 1.0
final move selection = search.mcts.finalmoveselection.RobustChild@58991ae
heuristics:
null

MCTS error in game: Fibonacci Nim
java.lang.ArrayIndexOutOfBoundsException
Selection = search.mcts.selection.UCB1@619c4cd7
Playout = search.mcts.playout.RandomPlayout@249ece80
Backprop = search.mcts.backpropagation.MonteCarloBackprop@6e0d8cab
friendly name = MCTS-UCB1-0.1-Random200
tree reuse = true
use score bounds = true
qinit = INF
playout value weight = 1.0
final move selection = search.mcts.finalmoveselection.RobustChild@15f00bcd
heuristics:
null

MCTS error in game: Fibonacci Nim
java.lang.ArrayIndexOutOfBoundsException
Selection = search.mcts.selection.UCB1@619c4cd7
Playout = search.mcts.playout.RandomPlayout@249ece80
Backprop = search.mcts.backpropagation.MonteCarloBackprop@6e0d8cab
friendly name = MCTS-UCB1-0.1-Random200
tree reuse = true
use score bounds = true
qinit = INF
playout value weight = 1.0
final move selection = search.mcts.finalmoveselection.RobustChild@15f00bcd
heuristics:
null

MCTS error in game: Fibonacci Nim
java.lang.ArrayIndexOutOfBoundsException
Selection = search.mcts.selection.UCB1GRAVE@4a736cab
Playout = search.mcts.playout.MAST@44b49b95
Backprop = search.mcts.backpropagation.MonteCarloBackprop@408b07db
friendly name = MCTS-UCB1GRAVE-0.1-MAST
tree reuse = true
use score bounds = false
qinit = INF
playout value weight = 1.0
final move selection = search.mcts.finalmoveselection.RobustChild@58991ae
heuristics:
null

MCTS error in game: Fibonacci Nim
java.lang.ArrayIndexOutOfBoundsException
Selection = search.mcts.selection.UCB1@619c4cd7
Playout = search.mcts.playout.RandomPlayout@249ece80
Backprop = search.mcts.backpropagation.MonteCarloBackprop@6e0d8cab
friendly name = MCTS-UCB1-0.1-Random200
tree reuse = true
use score bounds = true
qinit = INF
playout value weight = 1.0
final move selection = search.mcts.finalmoveselection.RobustChild@15f00bcd
heuristics:
null

MCTS error in game: Fibonacci Nim
java.lang.ArrayIndexOutOfBoundsException
Selection = search.mcts.selection.UCB1@619c4cd7
Playout = search.mcts.playout.RandomPlayout@249ece80
Backprop = search.mcts.backpropagation.MonteCarloBackprop@6e0d8cab
friendly name = MCTS-UCB1-0.1-Random200
tree reuse = true
use score bounds = true
qinit = INF
playout value weight = 1.0
final move selection = search.mcts.finalmoveselection.RobustChild@15f00bcd
heuristics:
null

MCTS error in game: Fibonacci Nim
java.lang.ArrayIndexOutOfBoundsException
Selection = search.mcts.selection.UCB1@619c4cd7
Playout = search.mcts.playout.RandomPlayout@249ece80
Backprop = search.mcts.backpropagation.MonteCarloBackprop@6e0d8cab
friendly name = MCTS-UCB1-0.1-Random200
tree reuse = true
use score bounds = true
qinit = INF
playout value weight = 1.0
final move selection = search.mcts.finalmoveselection.RobustChild@15f00bcd
heuristics:
null

MCTS error in game: Fibonacci Nim
java.lang.ArrayIndexOutOfBoundsException
Selection = search.mcts.selection.UCB1@619c4cd7
Playout = search.mcts.playout.RandomPlayout@249ece80
Backprop = search.mcts.backpropagation.MonteCarloBackprop@6e0d8cab
friendly name = MCTS-UCB1-0.1-Random200
tree reuse = true
use score bounds = true
qinit = INF
playout value weight = 1.0
final move selection = search.mcts.finalmoveselection.RobustChild@15f00bcd
heuristics:
null

MCTS error in game: Fibonacci Nim
java.lang.ArrayIndexOutOfBoundsException
Selection = search.mcts.selection.UCB1@619c4cd7
Playout = search.mcts.playout.RandomPlayout@249ece80
Backprop = search.mcts.backpropagation.MonteCarloBackprop@6e0d8cab
friendly name = MCTS-UCB1-0.1-Random200
tree reuse = true
use score bounds = true
qinit = INF
playout value weight = 1.0
final move selection = search.mcts.finalmoveselection.RobustChild@15f00bcd
heuristics:
null

MCTS error in game: Fibonacci Nim
java.lang.ArrayIndexOutOfBoundsException
Selection = search.mcts.selection.UCB1@619c4cd7
Playout = search.mcts.playout.RandomPlayout@249ece80
Backprop = search.mcts.backpropagation.MonteCarloBackprop@6e0d8cab
friendly name = MCTS-UCB1-0.1-Random200
tree reuse = true
use score bounds = true
qinit = INF
playout value weight = 1.0
final move selection = search.mcts.finalmoveselection.RobustChild@15f00bcd
heuristics:
null

MCTS error in game: Fibonacci Nim
java.lang.ArrayIndexOutOfBoundsException
Selection = search.mcts.selection.UCB1GRAVE@4a736cab
Playout = search.mcts.playout.MAST@44b49b95
Backprop = search.mcts.backpropagation.MonteCarloBackprop@408b07db
friendly name = MCTS-UCB1GRAVE-0.1-MAST
tree reuse = true
use score bounds = false
qinit = INF
playout value weight = 1.0
final move selection = search.mcts.finalmoveselection.RobustChild@58991ae
heuristics:
null

MCTS error in game: Fibonacci Nim
java.lang.ArrayIndexOutOfBoundsException
Selection = search.mcts.selection.UCB1@619c4cd7
Playout = search.mcts.playout.RandomPlayout@249ece80
Backprop = search.mcts.backpropagation.MonteCarloBackprop@6e0d8cab
friendly name = MCTS-UCB1-0.1-Random200
tree reuse = true
use score bounds = true
qinit = INF
playout value weight = 1.0
final move selection = search.mcts.finalmoveselection.RobustChild@15f00bcd
heuristics:
null

MCTS error in game: Fibonacci Nim
java.lang.ArrayIndexOutOfBoundsException
Selection = search.mcts.selection.UCB1@619c4cd7
Playout = search.mcts.playout.RandomPlayout@249ece80
Backprop = search.mcts.backpropagation.MonteCarloBackprop@6e0d8cab
friendly name = MCTS-UCB1-0.1-Random200
tree reuse = true
use score bounds = true
qinit = INF
playout value weight = 1.0
final move selection = search.mcts.finalmoveselection.RobustChild@15f00bcd
heuristics:
null

MCTS error in game: Fibonacci Nim
java.lang.ArrayIndexOutOfBoundsException
Selection = search.mcts.selection.UCB1@619c4cd7
Playout = search.mcts.playout.RandomPlayout@249ece80
Backprop = search.mcts.backpropagation.MonteCarloBackprop@6e0d8cab
friendly name = MCTS-UCB1-0.1-Random200
tree reuse = true
use score bounds = true
qinit = INF
playout value weight = 1.0
final move selection = search.mcts.finalmoveselection.RobustChild@15f00bcd
heuristics:
null

MCTS error in game: Fibonacci Nim
java.lang.ArrayIndexOutOfBoundsException
Selection = search.mcts.selection.UCB1@619c4cd7
Playout = search.mcts.playout.RandomPlayout@249ece80
Backprop = search.mcts.backpropagation.MonteCarloBackprop@6e0d8cab
friendly name = MCTS-UCB1-0.1-Random200
tree reuse = true
use score bounds = true
qinit = INF
playout value weight = 1.0
final move selection = search.mcts.finalmoveselection.RobustChild@15f00bcd
heuristics:
null

MCTS error in game: Fibonacci Nim
java.lang.ArrayIndexOutOfBoundsException
Selection = search.mcts.selection.UCB1@619c4cd7
Playout = search.mcts.playout.RandomPlayout@249ece80
Backprop = search.mcts.backpropagation.MonteCarloBackprop@6e0d8cab
friendly name = MCTS-UCB1-0.1-Random200
tree reuse = true
use score bounds = true
qinit = INF
playout value weight = 1.0
final move selection = search.mcts.finalmoveselection.RobustChild@15f00bcd
heuristics:
null

MCTS error in game: Fibonacci Nim
java.lang.ArrayIndexOutOfBoundsException
Selection = search.mcts.selection.UCB1@619c4cd7
Playout = search.mcts.playout.RandomPlayout@249ece80
Backprop = search.mcts.backpropagation.MonteCarloBackprop@6e0d8cab
friendly name = MCTS-UCB1-0.1-Random200
tree reuse = true
use score bounds = true
qinit = INF
playout value weight = 1.0
final move selection = search.mcts.finalmoveselection.RobustChild@15f00bcd
heuristics:
null

MCTS error in game: Fibonacci Nim
java.lang.ArrayIndexOutOfBoundsException
Selection = search.mcts.selection.UCB1GRAVE@4a736cab
Playout = search.mcts.playout.MAST@44b49b95
Backprop = search.mcts.backpropagation.MonteCarloBackprop@408b07db
friendly name = MCTS-UCB1GRAVE-0.1-MAST
tree reuse = true
use score bounds = false
qinit = INF
playout value weight = 1.0
final move selection = search.mcts.finalmoveselection.RobustChild@58991ae
heuristics:
null

MCTS error in game: Fibonacci Nim
java.lang.ArrayIndexOutOfBoundsException
Selection = search.mcts.selection.UCB1@619c4cd7
Playout = search.mcts.playout.RandomPlayout@249ece80
Backprop = search.mcts.backpropagation.MonteCarloBackprop@6e0d8cab
friendly name = MCTS-UCB1-0.1-Random200
tree reuse = true
use score bounds = true
qinit = INF
playout value weight = 1.0
final move selection = search.mcts.finalmoveselection.RobustChild@15f00bcd
heuristics:
null

MCTS error in game: Fibonacci Nim
java.lang.ArrayIndexOutOfBoundsException
Selection = search.mcts.selection.UCB1@619c4cd7
Playout = search.mcts.playout.RandomPlayout@249ece80
Backprop = search.mcts.backpropagation.MonteCarloBackprop@6e0d8cab
friendly name = MCTS-UCB1-0.1-Random200
tree reuse = true
use score bounds = true
qinit = INF
playout value weight = 1.0
final move selection = search.mcts.finalmoveselection.RobustChild@15f00bcd
heuristics:
null

MCTS error in game: Fibonacci Nim
java.lang.ArrayIndexOutOfBoundsException
Selection = search.mcts.selection.UCB1@619c4cd7
Playout = search.mcts.playout.RandomPlayout@249ece80
Backprop = search.mcts.backpropagation.MonteCarloBackprop@6e0d8cab
friendly name = MCTS-UCB1-0.1-Random200
tree reuse = true
use score bounds = true
qinit = INF
playout value weight = 1.0
final move selection = search.mcts.finalmoveselection.RobustChild@15f00bcd
heuristics:
null

MCTS error in game: Fibonacci Nim
java.lang.ArrayIndexOutOfBoundsException
Selection = search.mcts.selection.UCB1@619c4cd7
Playout = search.mcts.playout.RandomPlayout@249ece80
Backprop = search.mcts.backpropagation.MonteCarloBackprop@6e0d8cab
friendly name = MCTS-UCB1-0.1-Random200
tree reuse = true
use score bounds = true
qinit = INF
playout value weight = 1.0
final move selection = search.mcts.finalmoveselection.RobustChild@15f00bcd
heuristics:
null

MCTS error in game: Fibonacci Nim
java.lang.ArrayIndexOutOfBoundsException
Selection = search.mcts.selection.UCB1@619c4cd7
Playout = search.mcts.playout.RandomPlayout@249ece80
Backprop = search.mcts.backpropagation.MonteCarloBackprop@6e0d8cab
friendly name = MCTS-UCB1-0.1-Random200
tree reuse = true
use score bounds = true
qinit = INF
playout value weight = 1.0
final move selection = search.mcts.finalmoveselection.RobustChild@15f00bcd
heuristics:
null

MCTS error in game: Fibonacci Nim
java.lang.ArrayIndexOutOfBoundsException
Selection = search.mcts.selection.UCB1@619c4cd7
Playout = search.mcts.playout.RandomPlayout@249ece80
Backprop = search.mcts.backpropagation.MonteCarloBackprop@6e0d8cab
friendly name = MCTS-UCB1-0.1-Random200
tree reuse = true
use score bounds = true
qinit = INF
playout value weight = 1.0
final move selection = search.mcts.finalmoveselection.RobustChild@15f00bcd
heuristics:
null

MCTS error in game: Fibonacci Nim
java.lang.ArrayIndexOutOfBoundsException
Selection = search.mcts.selection.UCB1@619c4cd7
Playout = search.mcts.playout.RandomPlayout@249ece80
Backprop = search.mcts.backpropagation.MonteCarloBackprop@6e0d8cab
friendly name = MCTS-UCB1-0.1-Random200
tree reuse = true
use score bounds = true
qinit = INF
playout value weight = 1.0
final move selection = search.mcts.finalmoveselection.RobustChild@15f00bcd
heuristics:
null

MCTS error in game: Fibonacci Nim
java.lang.ArrayIndexOutOfBoundsException
Selection = search.mcts.selection.UCB1@619c4cd7
Playout = search.mcts.playout.RandomPlayout@249ece80
Backprop = search.mcts.backpropagation.MonteCarloBackprop@6e0d8cab
friendly name = MCTS-UCB1-0.1-Random200
tree reuse = true
use score bounds = true
qinit = INF
playout value weight = 1.0
final move selection = search.mcts.finalmoveselection.RobustChild@15f00bcd
heuristics:
null

MCTS error in game: Fibonacci Nim
java.lang.ArrayIndexOutOfBoundsException
Selection = search.mcts.selection.UCB1@619c4cd7
Playout = search.mcts.playout.RandomPlayout@249ece80
Backprop = search.mcts.backpropagation.MonteCarloBackprop@6e0d8cab
friendly name = MCTS-UCB1-0.1-Random200
tree reuse = true
use score bounds = true
qinit = INF
playout value weight = 1.0
final move selection = search.mcts.finalmoveselection.RobustChild@15f00bcd
heuristics:
null

MCTS error in game: Fibonacci Nim
java.lang.ArrayIndexOutOfBoundsException
Selection = search.mcts.selection.UCB1@619c4cd7
Playout = search.mcts.playout.RandomPlayout@249ece80
Backprop = search.mcts.backpropagation.MonteCarloBackprop@6e0d8cab
friendly name = MCTS-UCB1-0.1-Random200
tree reuse = true
use score bounds = true
qinit = INF
playout value weight = 1.0
final move selection = search.mcts.finalmoveselection.RobustChild@15f00bcd
heuristics:
null

MCTS error in game: Fibonacci Nim
java.lang.ArrayIndexOutOfBoundsException
Selection = search.mcts.selection.UCB1@619c4cd7
Playout = search.mcts.playout.RandomPlayout@249ece80
Backprop = search.mcts.backpropagation.MonteCarloBackprop@6e0d8cab
friendly name = MCTS-UCB1-0.1-Random200
tree reuse = true
use score bounds = true
qinit = INF
playout value weight = 1.0
final move selection = search.mcts.finalmoveselection.RobustChild@15f00bcd
heuristics:
null

MCTS error in game: Fibonacci Nim
java.lang.ArrayIndexOutOfBoundsException
Selection = search.mcts.selection.UCB1@619c4cd7
Playout = search.mcts.playout.RandomPlayout@249ece80
Backprop = search.mcts.backpropagation.MonteCarloBackprop@6e0d8cab
friendly name = MCTS-UCB1-0.1-Random200
tree reuse = true
use score bounds = true
qinit = INF
playout value weight = 1.0
final move selection = search.mcts.finalmoveselection.RobustChild@15f00bcd
heuristics:
null

MCTS error in game: Fibonacci Nim
java.lang.ArrayIndexOutOfBoundsException
Selection = search.mcts.selection.UCB1@619c4cd7
Playout = search.mcts.playout.RandomPlayout@249ece80
Backprop = search.mcts.backpropagation.MonteCarloBackprop@6e0d8cab
friendly name = MCTS-UCB1-0.1-Random200
tree reuse = true
use score bounds = true
qinit = INF
playout value weight = 1.0
final move selection = search.mcts.finalmoveselection.RobustChild@15f00bcd
heuristics:
null

MCTS error in game: Fibonacci Nim
java.lang.ArrayIndexOutOfBoundsException
Selection = search.mcts.selection.UCB1@619c4cd7
Playout = search.mcts.playout.RandomPlayout@249ece80
Backprop = search.mcts.backpropagation.MonteCarloBackprop@6e0d8cab
friendly name = MCTS-UCB1-0.1-Random200
tree reuse = true
use score bounds = true
qinit = INF
playout value weight = 1.0
final move selection = search.mcts.finalmoveselection.RobustChild@15f00bcd
heuristics:
null

MCTS error in game: Fibonacci Nim
java.lang.ArrayIndexOutOfBoundsException
Selection = search.mcts.selection.UCB1@619c4cd7
Playout = search.mcts.playout.RandomPlayout@249ece80
Backprop = search.mcts.backpropagation.MonteCarloBackprop@6e0d8cab
friendly name = MCTS-UCB1-0.1-Random200
tree reuse = true
use score bounds = true
qinit = INF
playout value weight = 1.0
final move selection = search.mcts.finalmoveselection.RobustChild@15f00bcd
heuristics:
null

MCTS error in game: Fibonacci Nim
java.lang.ArrayIndexOutOfBoundsException
Selection = search.mcts.selection.UCB1@619c4cd7
Playout = search.mcts.playout.RandomPlayout@249ece80
Backprop = search.mcts.backpropagation.MonteCarloBackprop@6e0d8cab
friendly name = MCTS-UCB1-0.1-Random200
tree reuse = true
use score bounds = true
qinit = INF
playout value weight = 1.0
final move selection = search.mcts.finalmoveselection.RobustChild@15f00bcd
heuristics:
null

MCTS error in game: Fibonacci Nim
java.lang.ArrayIndexOutOfBoundsException
Selection = search.mcts.selection.UCB1@619c4cd7
Playout = search.mcts.playout.RandomPlayout@249ece80
Backprop = search.mcts.backpropagation.MonteCarloBackprop@6e0d8cab
friendly name = MCTS-UCB1-0.1-Random200
tree reuse = true
use score bounds = true
qinit = INF
playout value weight = 1.0
final move selection = search.mcts.finalmoveselection.RobustChild@15f00bcd
heuristics:
null

MCTS error in game: Fibonacci Nim
java.lang.ArrayIndexOutOfBoundsException
Selection = search.mcts.selection.UCB1@619c4cd7
Playout = search.mcts.playout.RandomPlayout@249ece80
Backprop = search.mcts.backpropagation.MonteCarloBackprop@6e0d8cab
friendly name = MCTS-UCB1-0.1-Random200
tree reuse = true
use score bounds = true
qinit = INF
playout value weight = 1.0
final move selection = search.mcts.finalmoveselection.RobustChild@15f00bcd
heuristics:
null

MCTS error in game: Fibonacci Nim
java.lang.ArrayIndexOutOfBoundsException
Selection = search.mcts.selection.UCB1@619c4cd7
Playout = search.mcts.playout.RandomPlayout@249ece80
Backprop = search.mcts.backpropagation.MonteCarloBackprop@6e0d8cab
friendly name = MCTS-UCB1-0.1-Random200
tree reuse = true
use score bounds = true
qinit = INF
playout value weight = 1.0
final move selection = search.mcts.finalmoveselection.RobustChild@15f00bcd
heuristics:
null

MCTS error in game: Fibonacci Nim
java.lang.ArrayIndexOutOfBoundsException
