Selection = search.mcts.selection.UCB1GRAVE@706c8374
Playout = search.mcts.playout.MAST@356e131d
Backprop = search.mcts.backpropagation.MonteCarloBackprop@6867197c
friendly name = MCTS-UCB1GRAVE-1.41421356237-MAST
tree reuse = true
use score bounds = true
qinit = PARENT
playout value weight = 1.0
final move selection = search.mcts.finalmoveselection.RobustChild@491a77f
heuristics:
null

MCTS error in game: Mu Torere
java.lang.ArrayIndexOutOfBoundsException: Index -1 out of bounds for length 1
	at search.mcts.nodes.DeterministicNode.childForNthLegalMove(DeterministicNode.java:101)
	at search.mcts.nodes.DeterministicNode.childForNthLegalMove(DeterministicNode.java:14)
	at search.mcts.selection.UCB1GRAVE.select(UCB1GRAVE.java:162)
	at search.mcts.MCTS.lambda$selectAction$0(MCTS.java:639)
	at java.base/java.util.concurrent.Executors$RunnableAdapter.call(Executors.java:515)
	at java.base/java.util.concurrent.FutureTask.run(FutureTask.java:264)
	at java.base/java.util.concurrent.ThreadPoolExecutor.runWorker(ThreadPoolExecutor.java:1128)
	at java.base/java.util.concurrent.ThreadPoolExecutor$Worker.run(ThreadPoolExecutor.java:628)
	at java.base/java.lang.Thread.run(Thread.java:834)
Selection = search.mcts.selection.UCB1GRAVE@2ae74b61
Playout = search.mcts.playout.RandomPlayout@2420b04d
Backprop = search.mcts.backpropagation.MonteCarloBackprop@201f2011
friendly name = MCTS-UCB1GRAVE-1.41421356237-Random0
tree reuse = true
use score bounds = true
qinit = PARENT
playout value weight = 1.0
final move selection = search.mcts.finalmoveselection.RobustChild@651dba76
heuristics:
null

MCTS error in game: Mu Torere
java.lang.ArrayIndexOutOfBoundsException
