Selection = search.mcts.selection.UCB1@505a3813
Playout = search.mcts.playout.RandomPlayout@1558bc7c
Backprop = search.mcts.backpropagation.MonteCarloBackprop@5da9ccff
friendly name = MCTS-UCB1-0.6-Random4
tree reuse = true
use score bounds = false
qinit = PARENT
playout value weight = 1.0
final move selection = search.mcts.finalmoveselection.RobustChild@24078e83
heuristics:
null

MCTS error in game: Aj Sina'anil
java.lang.ArrayIndexOutOfBoundsException: Index -1 out of bounds for length 1
	at search.mcts.nodes.OpenLoopNode.childForNthLegalMove(OpenLoopNode.java:103)
	at search.mcts.nodes.OpenLoopNode.childForNthLegalMove(OpenLoopNode.java:20)
	at search.mcts.MCTS.lambda$selectAction$0(MCTS.java:640)
	at java.base/java.util.concurrent.Executors$RunnableAdapter.call(Executors.java:515)
	at java.base/java.util.concurrent.FutureTask.run(FutureTask.java:264)
	at java.base/java.util.concurrent.ThreadPoolExecutor.runWorker(ThreadPoolExecutor.java:1128)
	at java.base/java.util.concurrent.ThreadPoolExecutor$Worker.run(ThreadPoolExecutor.java:628)
	at java.base/java.lang.Thread.run(Thread.java:834)
Selection = search.mcts.selection.UCB1@4a4f7cab
Playout = search.mcts.playout.RandomPlayout@44889b92
Backprop = search.mcts.backpropagation.MonteCarloBackprop@40b717db
friendly name = MCTS-UCB1-0.6-Random200
tree reuse = true
use score bounds = false
qinit = PARENT
playout value weight = 1.0
final move selection = search.mcts.finalmoveselection.RobustChild@5b591a9
heuristics:
null

MCTS error in game: Aj Sina'anil
java.lang.ArrayIndexOutOfBoundsException
