Selection = search.mcts.selection.UCB1Tuned@4463a217
Playout = search.mcts.playout.MAST@16134ff
Backprop = search.mcts.backpropagation.MonteCarloBackprop@11210545
friendly name = MCTS-UCB1Tuned-0.6-MAST
tree reuse = true
use score bounds = true
qinit = PARENT
playout value weight = 1.0
final move selection = search.mcts.finalmoveselection.RobustChild@30aab3bb
heuristics:
null

MCTS error in game: Co Chan Cho
java.lang.ArrayIndexOutOfBoundsException: Index -1 out of bounds for length 1
	at search.mcts.nodes.DeterministicNode.childForNthLegalMove(DeterministicNode.java:101)
	at search.mcts.nodes.DeterministicNode.childForNthLegalMove(DeterministicNode.java:14)
	at search.mcts.MCTS.lambda$selectAction$0(MCTS.java:640)
	at java.base/java.util.concurrent.Executors$RunnableAdapter.call(Executors.java:515)
	at java.base/java.util.concurrent.FutureTask.run(FutureTask.java:264)
	at java.base/java.util.concurrent.ThreadPoolExecutor.runWorker(ThreadPoolExecutor.java:1128)
	at java.base/java.util.concurrent.ThreadPoolExecutor$Worker.run(ThreadPoolExecutor.java:628)
	at java.base/java.lang.Thread.run(Thread.java:834)
Selection = search.mcts.selection.UCB1@6f86989
Playout = search.mcts.playout.MAST@83f8726
Backprop = search.mcts.backpropagation.MonteCarloBackprop@c0002f9
friendly name = MCTS-UCB1-1.41421356237-MAST
tree reuse = true
use score bounds = true
qinit = PARENT
playout value weight = 1.0
final move selection = search.mcts.finalmoveselection.RobustChild@49028d1d
heuristics:
null

MCTS error in game: Co Chan Cho
java.lang.ArrayIndexOutOfBoundsException
Selection = search.mcts.selection.UCB1Tuned@4463a217
Playout = search.mcts.playout.MAST@16134ff
Backprop = search.mcts.backpropagation.MonteCarloBackprop@11210545
friendly name = MCTS-UCB1Tuned-0.6-MAST
tree reuse = true
use score bounds = true
qinit = PARENT
playout value weight = 1.0
final move selection = search.mcts.finalmoveselection.RobustChild@30aab3bb
heuristics:
null

MCTS error in game: Co Chan Cho
java.lang.ArrayIndexOutOfBoundsException
Selection = search.mcts.selection.UCB1Tuned@4463a217
Playout = search.mcts.playout.MAST@16134ff
Backprop = search.mcts.backpropagation.MonteCarloBackprop@11210545
friendly name = MCTS-UCB1Tuned-0.6-MAST
tree reuse = true
use score bounds = true
qinit = PARENT
playout value weight = 1.0
final move selection = search.mcts.finalmoveselection.RobustChild@30aab3bb
heuristics:
null

MCTS error in game: Co Chan Cho
java.lang.ArrayIndexOutOfBoundsException
Selection = search.mcts.selection.UCB1Tuned@4463a217
Playout = search.mcts.playout.MAST@16134ff
Backprop = search.mcts.backpropagation.MonteCarloBackprop@11210545
friendly name = MCTS-UCB1Tuned-0.6-MAST
tree reuse = true
use score bounds = true
qinit = PARENT
playout value weight = 1.0
final move selection = search.mcts.finalmoveselection.RobustChild@30aab3bb
heuristics:
null

MCTS error in game: Co Chan Cho
java.lang.ArrayIndexOutOfBoundsException
Selection = search.mcts.selection.UCB1Tuned@4463a217
Playout = search.mcts.playout.MAST@16134ff
Backprop = search.mcts.backpropagation.MonteCarloBackprop@11210545
friendly name = MCTS-UCB1Tuned-0.6-MAST
tree reuse = true
use score bounds = true
qinit = PARENT
playout value weight = 1.0
final move selection = search.mcts.finalmoveselection.RobustChild@30aab3bb
heuristics:
null

MCTS error in game: Co Chan Cho
java.lang.ArrayIndexOutOfBoundsException
Selection = search.mcts.selection.UCB1Tuned@4463a217
Playout = search.mcts.playout.MAST@16134ff
Backprop = search.mcts.backpropagation.MonteCarloBackprop@11210545
friendly name = MCTS-UCB1Tuned-0.6-MAST
tree reuse = true
use score bounds = true
qinit = PARENT
playout value weight = 1.0
final move selection = search.mcts.finalmoveselection.RobustChild@30aab3bb
heuristics:
null

MCTS error in game: Co Chan Cho
java.lang.ArrayIndexOutOfBoundsException
Selection = search.mcts.selection.UCB1Tuned@4463a217
Playout = search.mcts.playout.MAST@16134ff
Backprop = search.mcts.backpropagation.MonteCarloBackprop@11210545
friendly name = MCTS-UCB1Tuned-0.6-MAST
tree reuse = true
use score bounds = true
qinit = PARENT
playout value weight = 1.0
final move selection = search.mcts.finalmoveselection.RobustChild@30aab3bb
heuristics:
null

MCTS error in game: Co Chan Cho
java.lang.ArrayIndexOutOfBoundsException
Selection = search.mcts.selection.UCB1Tuned@4463a217
Playout = search.mcts.playout.MAST@16134ff
Backprop = search.mcts.backpropagation.MonteCarloBackprop@11210545
friendly name = MCTS-UCB1Tuned-0.6-MAST
tree reuse = true
use score bounds = true
qinit = PARENT
playout value weight = 1.0
final move selection = search.mcts.finalmoveselection.RobustChild@30aab3bb
heuristics:
null

MCTS error in game: Co Chan Cho
java.lang.ArrayIndexOutOfBoundsException
Selection = search.mcts.selection.UCB1Tuned@4463a217
Playout = search.mcts.playout.MAST@16134ff
Backprop = search.mcts.backpropagation.MonteCarloBackprop@11210545
friendly name = MCTS-UCB1Tuned-0.6-MAST
tree reuse = true
use score bounds = true
qinit = PARENT
playout value weight = 1.0
final move selection = search.mcts.finalmoveselection.RobustChild@30aab3bb
heuristics:
null

MCTS error in game: Co Chan Cho
java.lang.ArrayIndexOutOfBoundsException
Selection = search.mcts.selection.UCB1@6f86989
Playout = search.mcts.playout.MAST@83f8726
Backprop = search.mcts.backpropagation.MonteCarloBackprop@c0002f9
friendly name = MCTS-UCB1-1.41421356237-MAST
tree reuse = true
use score bounds = true
qinit = PARENT
playout value weight = 1.0
final move selection = search.mcts.finalmoveselection.RobustChild@49028d1d
heuristics:
null

MCTS error in game: Co Chan Cho
java.lang.ArrayIndexOutOfBoundsException
Selection = search.mcts.selection.UCB1Tuned@4463a217
Playout = search.mcts.playout.MAST@16134ff
Backprop = search.mcts.backpropagation.MonteCarloBackprop@11210545
friendly name = MCTS-UCB1Tuned-0.6-MAST
tree reuse = true
use score bounds = true
qinit = PARENT
playout value weight = 1.0
final move selection = search.mcts.finalmoveselection.RobustChild@30aab3bb
heuristics:
null

MCTS error in game: Co Chan Cho
java.lang.ArrayIndexOutOfBoundsException
Selection = search.mcts.selection.UCB1Tuned@4463a217
Playout = search.mcts.playout.MAST@16134ff
Backprop = search.mcts.backpropagation.MonteCarloBackprop@11210545
friendly name = MCTS-UCB1Tuned-0.6-MAST
tree reuse = true
use score bounds = true
qinit = PARENT
playout value weight = 1.0
final move selection = search.mcts.finalmoveselection.RobustChild@30aab3bb
heuristics:
null

MCTS error in game: Co Chan Cho
java.lang.ArrayIndexOutOfBoundsException
Selection = search.mcts.selection.UCB1Tuned@4463a217
Playout = search.mcts.playout.MAST@16134ff
Backprop = search.mcts.backpropagation.MonteCarloBackprop@11210545
friendly name = MCTS-UCB1Tuned-0.6-MAST
tree reuse = true
use score bounds = true
qinit = PARENT
playout value weight = 1.0
final move selection = search.mcts.finalmoveselection.RobustChild@30aab3bb
heuristics:
null

MCTS error in game: Co Chan Cho
java.lang.ArrayIndexOutOfBoundsException
Selection = search.mcts.selection.UCB1Tuned@4463a217
Playout = search.mcts.playout.MAST@16134ff
Backprop = search.mcts.backpropagation.MonteCarloBackprop@11210545
friendly name = MCTS-UCB1Tuned-0.6-MAST
tree reuse = true
use score bounds = true
qinit = PARENT
playout value weight = 1.0
final move selection = search.mcts.finalmoveselection.RobustChild@30aab3bb
heuristics:
null

MCTS error in game: Co Chan Cho
java.lang.ArrayIndexOutOfBoundsException
Selection = search.mcts.selection.UCB1Tuned@4463a217
Playout = search.mcts.playout.MAST@16134ff
Backprop = search.mcts.backpropagation.MonteCarloBackprop@11210545
friendly name = MCTS-UCB1Tuned-0.6-MAST
tree reuse = true
use score bounds = true
qinit = PARENT
playout value weight = 1.0
final move selection = search.mcts.finalmoveselection.RobustChild@30aab3bb
heuristics:
null

MCTS error in game: Co Chan Cho
java.lang.ArrayIndexOutOfBoundsException
Selection = search.mcts.selection.UCB1Tuned@4463a217
Playout = search.mcts.playout.MAST@16134ff
Backprop = search.mcts.backpropagation.MonteCarloBackprop@11210545
friendly name = MCTS-UCB1Tuned-0.6-MAST
tree reuse = true
use score bounds = true
qinit = PARENT
playout value weight = 1.0
final move selection = search.mcts.finalmoveselection.RobustChild@30aab3bb
heuristics:
null

MCTS error in game: Co Chan Cho
java.lang.ArrayIndexOutOfBoundsException
Selection = search.mcts.selection.UCB1Tuned@4463a217
Playout = search.mcts.playout.MAST@16134ff
Backprop = search.mcts.backpropagation.MonteCarloBackprop@11210545
friendly name = MCTS-UCB1Tuned-0.6-MAST
tree reuse = true
use score bounds = true
qinit = PARENT
playout value weight = 1.0
final move selection = search.mcts.finalmoveselection.RobustChild@30aab3bb
heuristics:
null

MCTS error in game: Co Chan Cho
java.lang.ArrayIndexOutOfBoundsException
Selection = search.mcts.selection.UCB1Tuned@4463a217
Playout = search.mcts.playout.MAST@16134ff
Backprop = search.mcts.backpropagation.MonteCarloBackprop@11210545
friendly name = MCTS-UCB1Tuned-0.6-MAST
tree reuse = true
use score bounds = true
qinit = PARENT
playout value weight = 1.0
final move selection = search.mcts.finalmoveselection.RobustChild@30aab3bb
heuristics:
null

MCTS error in game: Co Chan Cho
java.lang.ArrayIndexOutOfBoundsException
Selection = search.mcts.selection.UCB1Tuned@4463a217
Playout = search.mcts.playout.MAST@16134ff
Backprop = search.mcts.backpropagation.MonteCarloBackprop@11210545
friendly name = MCTS-UCB1Tuned-0.6-MAST
tree reuse = true
use score bounds = true
qinit = PARENT
playout value weight = 1.0
final move selection = search.mcts.finalmoveselection.RobustChild@30aab3bb
heuristics:
null

MCTS error in game: Co Chan Cho
java.lang.ArrayIndexOutOfBoundsException
Selection = search.mcts.selection.UCB1Tuned@4463a217
Playout = search.mcts.playout.MAST@16134ff
Backprop = search.mcts.backpropagation.MonteCarloBackprop@11210545
friendly name = MCTS-UCB1Tuned-0.6-MAST
tree reuse = true
use score bounds = true
qinit = PARENT
playout value weight = 1.0
final move selection = search.mcts.finalmoveselection.RobustChild@30aab3bb
heuristics:
null

MCTS error in game: Co Chan Cho
java.lang.ArrayIndexOutOfBoundsException
Selection = search.mcts.selection.UCB1Tuned@4463a217
Playout = search.mcts.playout.MAST@16134ff
Backprop = search.mcts.backpropagation.MonteCarloBackprop@11210545
friendly name = MCTS-UCB1Tuned-0.6-MAST
tree reuse = true
use score bounds = true
qinit = PARENT
playout value weight = 1.0
final move selection = search.mcts.finalmoveselection.RobustChild@30aab3bb
heuristics:
null

MCTS error in game: Co Chan Cho
java.lang.ArrayIndexOutOfBoundsException
Selection = search.mcts.selection.UCB1Tuned@4463a217
Playout = search.mcts.playout.MAST@16134ff
Backprop = search.mcts.backpropagation.MonteCarloBackprop@11210545
friendly name = MCTS-UCB1Tuned-0.6-MAST
tree reuse = true
use score bounds = true
qinit = PARENT
playout value weight = 1.0
final move selection = search.mcts.finalmoveselection.RobustChild@30aab3bb
heuristics:
null

MCTS error in game: Co Chan Cho
java.lang.ArrayIndexOutOfBoundsException
Selection = search.mcts.selection.UCB1Tuned@4463a217
Playout = search.mcts.playout.MAST@16134ff
Backprop = search.mcts.backpropagation.MonteCarloBackprop@11210545
friendly name = MCTS-UCB1Tuned-0.6-MAST
tree reuse = true
use score bounds = true
qinit = PARENT
playout value weight = 1.0
final move selection = search.mcts.finalmoveselection.RobustChild@30aab3bb
heuristics:
null

MCTS error in game: Co Chan Cho
java.lang.ArrayIndexOutOfBoundsException
Selection = search.mcts.selection.UCB1Tuned@4463a217
Playout = search.mcts.playout.MAST@16134ff
Backprop = search.mcts.backpropagation.MonteCarloBackprop@11210545
friendly name = MCTS-UCB1Tuned-0.6-MAST
tree reuse = true
use score bounds = true
qinit = PARENT
playout value weight = 1.0
final move selection = search.mcts.finalmoveselection.RobustChild@30aab3bb
heuristics:
null

MCTS error in game: Co Chan Cho
java.lang.ArrayIndexOutOfBoundsException
Selection = search.mcts.selection.UCB1Tuned@4463a217
Playout = search.mcts.playout.MAST@16134ff
Backprop = search.mcts.backpropagation.MonteCarloBackprop@11210545
friendly name = MCTS-UCB1Tuned-0.6-MAST
tree reuse = true
use score bounds = true
qinit = PARENT
playout value weight = 1.0
final move selection = search.mcts.finalmoveselection.RobustChild@30aab3bb
heuristics:
null

MCTS error in game: Co Chan Cho
java.lang.ArrayIndexOutOfBoundsException
Selection = search.mcts.selection.UCB1Tuned@4463a217
Playout = search.mcts.playout.MAST@16134ff
Backprop = search.mcts.backpropagation.MonteCarloBackprop@11210545
friendly name = MCTS-UCB1Tuned-0.6-MAST
tree reuse = true
use score bounds = true
qinit = PARENT
playout value weight = 1.0
final move selection = search.mcts.finalmoveselection.RobustChild@30aab3bb
heuristics:
null

MCTS error in game: Co Chan Cho
java.lang.ArrayIndexOutOfBoundsException
Selection = search.mcts.selection.UCB1Tuned@4463a217
Playout = search.mcts.playout.MAST@16134ff
Backprop = search.mcts.backpropagation.MonteCarloBackprop@11210545
friendly name = MCTS-UCB1Tuned-0.6-MAST
tree reuse = true
use score bounds = true
qinit = PARENT
playout value weight = 1.0
final move selection = search.mcts.finalmoveselection.RobustChild@30aab3bb
heuristics:
null

MCTS error in game: Co Chan Cho
java.lang.ArrayIndexOutOfBoundsException
Selection = search.mcts.selection.UCB1@6f86989
Playout = search.mcts.playout.MAST@83f8726
Backprop = search.mcts.backpropagation.MonteCarloBackprop@c0002f9
friendly name = MCTS-UCB1-1.41421356237-MAST
tree reuse = true
use score bounds = true
qinit = PARENT
playout value weight = 1.0
final move selection = search.mcts.finalmoveselection.RobustChild@49028d1d
heuristics:
null

MCTS error in game: Co Chan Cho
java.lang.ArrayIndexOutOfBoundsException
Selection = search.mcts.selection.UCB1@6f86989
Playout = search.mcts.playout.MAST@83f8726
Backprop = search.mcts.backpropagation.MonteCarloBackprop@c0002f9
friendly name = MCTS-UCB1-1.41421356237-MAST
tree reuse = true
use score bounds = true
qinit = PARENT
playout value weight = 1.0
final move selection = search.mcts.finalmoveselection.RobustChild@49028d1d
heuristics:
null

MCTS error in game: Co Chan Cho
java.lang.ArrayIndexOutOfBoundsException
Selection = search.mcts.selection.UCB1Tuned@4463a217
Playout = search.mcts.playout.MAST@16134ff
Backprop = search.mcts.backpropagation.MonteCarloBackprop@11210545
friendly name = MCTS-UCB1Tuned-0.6-MAST
tree reuse = true
use score bounds = true
qinit = PARENT
playout value weight = 1.0
final move selection = search.mcts.finalmoveselection.RobustChild@30aab3bb
heuristics:
null

MCTS error in game: Co Chan Cho
java.lang.ArrayIndexOutOfBoundsException
Selection = search.mcts.selection.UCB1Tuned@4463a217
Playout = search.mcts.playout.MAST@16134ff
Backprop = search.mcts.backpropagation.MonteCarloBackprop@11210545
friendly name = MCTS-UCB1Tuned-0.6-MAST
tree reuse = true
use score bounds = true
qinit = PARENT
playout value weight = 1.0
final move selection = search.mcts.finalmoveselection.RobustChild@30aab3bb
heuristics:
null

MCTS error in game: Co Chan Cho
java.lang.ArrayIndexOutOfBoundsException
Selection = search.mcts.selection.UCB1Tuned@4463a217
Playout = search.mcts.playout.MAST@16134ff
Backprop = search.mcts.backpropagation.MonteCarloBackprop@11210545
friendly name = MCTS-UCB1Tuned-0.6-MAST
tree reuse = true
use score bounds = true
qinit = PARENT
playout value weight = 1.0
final move selection = search.mcts.finalmoveselection.RobustChild@30aab3bb
heuristics:
null

MCTS error in game: Co Chan Cho
java.lang.ArrayIndexOutOfBoundsException
Selection = search.mcts.selection.UCB1Tuned@4463a217
Playout = search.mcts.playout.MAST@16134ff
Backprop = search.mcts.backpropagation.MonteCarloBackprop@11210545
friendly name = MCTS-UCB1Tuned-0.6-MAST
tree reuse = true
use score bounds = true
qinit = PARENT
playout value weight = 1.0
final move selection = search.mcts.finalmoveselection.RobustChild@30aab3bb
heuristics:
null

MCTS error in game: Co Chan Cho
java.lang.ArrayIndexOutOfBoundsException
Selection = search.mcts.selection.UCB1Tuned@4463a217
Playout = search.mcts.playout.MAST@16134ff
Backprop = search.mcts.backpropagation.MonteCarloBackprop@11210545
friendly name = MCTS-UCB1Tuned-0.6-MAST
tree reuse = true
use score bounds = true
qinit = PARENT
playout value weight = 1.0
final move selection = search.mcts.finalmoveselection.RobustChild@30aab3bb
heuristics:
null

MCTS error in game: Co Chan Cho
java.lang.ArrayIndexOutOfBoundsException
Selection = search.mcts.selection.UCB1@6f86989
Playout = search.mcts.playout.MAST@83f8726
Backprop = search.mcts.backpropagation.MonteCarloBackprop@c0002f9
friendly name = MCTS-UCB1-1.41421356237-MAST
tree reuse = true
use score bounds = true
qinit = PARENT
playout value weight = 1.0
final move selection = search.mcts.finalmoveselection.RobustChild@49028d1d
heuristics:
null

MCTS error in game: Co Chan Cho
java.lang.ArrayIndexOutOfBoundsException
Selection = search.mcts.selection.UCB1Tuned@4463a217
Playout = search.mcts.playout.MAST@16134ff
Backprop = search.mcts.backpropagation.MonteCarloBackprop@11210545
friendly name = MCTS-UCB1Tuned-0.6-MAST
tree reuse = true
use score bounds = true
qinit = PARENT
playout value weight = 1.0
final move selection = search.mcts.finalmoveselection.RobustChild@30aab3bb
heuristics:
null

MCTS error in game: Co Chan Cho
java.lang.ArrayIndexOutOfBoundsException
Selection = search.mcts.selection.UCB1Tuned@4463a217
Playout = search.mcts.playout.MAST@16134ff
Backprop = search.mcts.backpropagation.MonteCarloBackprop@11210545
friendly name = MCTS-UCB1Tuned-0.6-MAST
tree reuse = true
use score bounds = true
qinit = PARENT
playout value weight = 1.0
final move selection = search.mcts.finalmoveselection.RobustChild@30aab3bb
heuristics:
null

MCTS error in game: Co Chan Cho
java.lang.ArrayIndexOutOfBoundsException
Selection = search.mcts.selection.UCB1Tuned@4463a217
Playout = search.mcts.playout.MAST@16134ff
Backprop = search.mcts.backpropagation.MonteCarloBackprop@11210545
friendly name = MCTS-UCB1Tuned-0.6-MAST
tree reuse = true
use score bounds = true
qinit = PARENT
playout value weight = 1.0
final move selection = search.mcts.finalmoveselection.RobustChild@30aab3bb
heuristics:
null

MCTS error in game: Co Chan Cho
java.lang.ArrayIndexOutOfBoundsException
Selection = search.mcts.selection.UCB1Tuned@4463a217
Playout = search.mcts.playout.MAST@16134ff
Backprop = search.mcts.backpropagation.MonteCarloBackprop@11210545
friendly name = MCTS-UCB1Tuned-0.6-MAST
tree reuse = true
use score bounds = true
qinit = PARENT
playout value weight = 1.0
final move selection = search.mcts.finalmoveselection.RobustChild@30aab3bb
heuristics:
null

MCTS error in game: Co Chan Cho
java.lang.ArrayIndexOutOfBoundsException
Selection = search.mcts.selection.UCB1@6f86989
Playout = search.mcts.playout.MAST@83f8726
Backprop = search.mcts.backpropagation.MonteCarloBackprop@c0002f9
friendly name = MCTS-UCB1-1.41421356237-MAST
tree reuse = true
use score bounds = true
qinit = PARENT
playout value weight = 1.0
final move selection = search.mcts.finalmoveselection.RobustChild@49028d1d
heuristics:
null

MCTS error in game: Co Chan Cho
java.lang.ArrayIndexOutOfBoundsException
Selection = search.mcts.selection.UCB1Tuned@4463a217
Playout = search.mcts.playout.MAST@16134ff
Backprop = search.mcts.backpropagation.MonteCarloBackprop@11210545
friendly name = MCTS-UCB1Tuned-0.6-MAST
tree reuse = true
use score bounds = true
qinit = PARENT
playout value weight = 1.0
final move selection = search.mcts.finalmoveselection.RobustChild@30aab3bb
heuristics:
null

MCTS error in game: Co Chan Cho
java.lang.ArrayIndexOutOfBoundsException
Selection = search.mcts.selection.UCB1Tuned@4463a217
Playout = search.mcts.playout.MAST@16134ff
Backprop = search.mcts.backpropagation.MonteCarloBackprop@11210545
friendly name = MCTS-UCB1Tuned-0.6-MAST
tree reuse = true
use score bounds = true
qinit = PARENT
playout value weight = 1.0
final move selection = search.mcts.finalmoveselection.RobustChild@30aab3bb
heuristics:
null

MCTS error in game: Co Chan Cho
java.lang.ArrayIndexOutOfBoundsException
Selection = search.mcts.selection.UCB1Tuned@4463a217
Playout = search.mcts.playout.MAST@16134ff
Backprop = search.mcts.backpropagation.MonteCarloBackprop@11210545
friendly name = MCTS-UCB1Tuned-0.6-MAST
tree reuse = true
use score bounds = true
qinit = PARENT
playout value weight = 1.0
final move selection = search.mcts.finalmoveselection.RobustChild@30aab3bb
heuristics:
null

MCTS error in game: Co Chan Cho
java.lang.ArrayIndexOutOfBoundsException
Selection = search.mcts.selection.UCB1Tuned@4463a217
Playout = search.mcts.playout.MAST@16134ff
Backprop = search.mcts.backpropagation.MonteCarloBackprop@11210545
friendly name = MCTS-UCB1Tuned-0.6-MAST
tree reuse = true
use score bounds = true
qinit = PARENT
playout value weight = 1.0
final move selection = search.mcts.finalmoveselection.RobustChild@30aab3bb
heuristics:
null

MCTS error in game: Co Chan Cho
java.lang.ArrayIndexOutOfBoundsException
Selection = search.mcts.selection.UCB1Tuned@4463a217
Playout = search.mcts.playout.MAST@16134ff
Backprop = search.mcts.backpropagation.MonteCarloBackprop@11210545
friendly name = MCTS-UCB1Tuned-0.6-MAST
tree reuse = true
use score bounds = true
qinit = PARENT
playout value weight = 1.0
final move selection = search.mcts.finalmoveselection.RobustChild@30aab3bb
heuristics:
null

MCTS error in game: Co Chan Cho
java.lang.ArrayIndexOutOfBoundsException
Selection = search.mcts.selection.UCB1Tuned@4463a217
Playout = search.mcts.playout.MAST@16134ff
Backprop = search.mcts.backpropagation.MonteCarloBackprop@11210545
friendly name = MCTS-UCB1Tuned-0.6-MAST
tree reuse = true
use score bounds = true
qinit = PARENT
playout value weight = 1.0
final move selection = search.mcts.finalmoveselection.RobustChild@30aab3bb
heuristics:
null

MCTS error in game: Co Chan Cho
java.lang.ArrayIndexOutOfBoundsException
Selection = search.mcts.selection.UCB1Tuned@4463a217
Playout = search.mcts.playout.MAST@16134ff
Backprop = search.mcts.backpropagation.MonteCarloBackprop@11210545
friendly name = MCTS-UCB1Tuned-0.6-MAST
tree reuse = true
use score bounds = true
qinit = PARENT
playout value weight = 1.0
final move selection = search.mcts.finalmoveselection.RobustChild@30aab3bb
heuristics:
null

MCTS error in game: Co Chan Cho
java.lang.ArrayIndexOutOfBoundsException
Selection = search.mcts.selection.UCB1@6f86989
Playout = search.mcts.playout.MAST@83f8726
Backprop = search.mcts.backpropagation.MonteCarloBackprop@c0002f9
friendly name = MCTS-UCB1-1.41421356237-MAST
tree reuse = true
use score bounds = true
qinit = PARENT
playout value weight = 1.0
final move selection = search.mcts.finalmoveselection.RobustChild@49028d1d
heuristics:
null

MCTS error in game: Co Chan Cho
java.lang.ArrayIndexOutOfBoundsException
Selection = search.mcts.selection.UCB1Tuned@4463a217
Playout = search.mcts.playout.MAST@16134ff
Backprop = search.mcts.backpropagation.MonteCarloBackprop@11210545
friendly name = MCTS-UCB1Tuned-0.6-MAST
tree reuse = true
use score bounds = true
qinit = PARENT
playout value weight = 1.0
final move selection = search.mcts.finalmoveselection.RobustChild@30aab3bb
heuristics:
null

MCTS error in game: Co Chan Cho
java.lang.ArrayIndexOutOfBoundsException
Selection = search.mcts.selection.UCB1Tuned@4463a217
Playout = search.mcts.playout.MAST@16134ff
Backprop = search.mcts.backpropagation.MonteCarloBackprop@11210545
friendly name = MCTS-UCB1Tuned-0.6-MAST
tree reuse = true
use score bounds = true
qinit = PARENT
playout value weight = 1.0
final move selection = search.mcts.finalmoveselection.RobustChild@30aab3bb
heuristics:
null

MCTS error in game: Co Chan Cho
java.lang.ArrayIndexOutOfBoundsException
Selection = search.mcts.selection.UCB1Tuned@4463a217
Playout = search.mcts.playout.MAST@16134ff
Backprop = search.mcts.backpropagation.MonteCarloBackprop@11210545
friendly name = MCTS-UCB1Tuned-0.6-MAST
tree reuse = true
use score bounds = true
qinit = PARENT
playout value weight = 1.0
final move selection = search.mcts.finalmoveselection.RobustChild@30aab3bb
heuristics:
null

MCTS error in game: Co Chan Cho
java.lang.ArrayIndexOutOfBoundsException
Selection = search.mcts.selection.UCB1Tuned@4463a217
Playout = search.mcts.playout.MAST@16134ff
Backprop = search.mcts.backpropagation.MonteCarloBackprop@11210545
friendly name = MCTS-UCB1Tuned-0.6-MAST
tree reuse = true
use score bounds = true
qinit = PARENT
playout value weight = 1.0
final move selection = search.mcts.finalmoveselection.RobustChild@30aab3bb
heuristics:
null

MCTS error in game: Co Chan Cho
java.lang.ArrayIndexOutOfBoundsException
Selection = search.mcts.selection.UCB1Tuned@4463a217
Playout = search.mcts.playout.MAST@16134ff
Backprop = search.mcts.backpropagation.MonteCarloBackprop@11210545
friendly name = MCTS-UCB1Tuned-0.6-MAST
tree reuse = true
use score bounds = true
qinit = PARENT
playout value weight = 1.0
final move selection = search.mcts.finalmoveselection.RobustChild@30aab3bb
heuristics:
null

MCTS error in game: Co Chan Cho
java.lang.ArrayIndexOutOfBoundsException
Selection = search.mcts.selection.UCB1Tuned@4463a217
Playout = search.mcts.playout.MAST@16134ff
Backprop = search.mcts.backpropagation.MonteCarloBackprop@11210545
friendly name = MCTS-UCB1Tuned-0.6-MAST
tree reuse = true
use score bounds = true
qinit = PARENT
playout value weight = 1.0
final move selection = search.mcts.finalmoveselection.RobustChild@30aab3bb
heuristics:
null

MCTS error in game: Co Chan Cho
java.lang.ArrayIndexOutOfBoundsException
Selection = search.mcts.selection.UCB1Tuned@4463a217
Playout = search.mcts.playout.MAST@16134ff
Backprop = search.mcts.backpropagation.MonteCarloBackprop@11210545
friendly name = MCTS-UCB1Tuned-0.6-MAST
tree reuse = true
use score bounds = true
qinit = PARENT
playout value weight = 1.0
final move selection = search.mcts.finalmoveselection.RobustChild@30aab3bb
heuristics:
null

MCTS error in game: Co Chan Cho
java.lang.ArrayIndexOutOfBoundsException
Selection = search.mcts.selection.UCB1@6f86989
Playout = search.mcts.playout.MAST@83f8726
Backprop = search.mcts.backpropagation.MonteCarloBackprop@c0002f9
friendly name = MCTS-UCB1-1.41421356237-MAST
tree reuse = true
use score bounds = true
qinit = PARENT
playout value weight = 1.0
final move selection = search.mcts.finalmoveselection.RobustChild@49028d1d
heuristics:
null

MCTS error in game: Co Chan Cho
java.lang.ArrayIndexOutOfBoundsException
Selection = search.mcts.selection.UCB1@6f86989
Playout = search.mcts.playout.MAST@83f8726
Backprop = search.mcts.backpropagation.MonteCarloBackprop@c0002f9
friendly name = MCTS-UCB1-1.41421356237-MAST
tree reuse = true
use score bounds = true
qinit = PARENT
playout value weight = 1.0
final move selection = search.mcts.finalmoveselection.RobustChild@49028d1d
heuristics:
null

MCTS error in game: Co Chan Cho
java.lang.ArrayIndexOutOfBoundsException
Selection = search.mcts.selection.UCB1Tuned@4463a217
Playout = search.mcts.playout.MAST@16134ff
Backprop = search.mcts.backpropagation.MonteCarloBackprop@11210545
friendly name = MCTS-UCB1Tuned-0.6-MAST
tree reuse = true
use score bounds = true
qinit = PARENT
playout value weight = 1.0
final move selection = search.mcts.finalmoveselection.RobustChild@30aab3bb
heuristics:
null

MCTS error in game: Co Chan Cho
java.lang.ArrayIndexOutOfBoundsException
Selection = search.mcts.selection.UCB1Tuned@4463a217
Playout = search.mcts.playout.MAST@16134ff
Backprop = search.mcts.backpropagation.MonteCarloBackprop@11210545
friendly name = MCTS-UCB1Tuned-0.6-MAST
tree reuse = true
use score bounds = true
qinit = PARENT
playout value weight = 1.0
final move selection = search.mcts.finalmoveselection.RobustChild@30aab3bb
heuristics:
null

MCTS error in game: Co Chan Cho
java.lang.ArrayIndexOutOfBoundsException
Selection = search.mcts.selection.UCB1Tuned@4463a217
Playout = search.mcts.playout.MAST@16134ff
Backprop = search.mcts.backpropagation.MonteCarloBackprop@11210545
friendly name = MCTS-UCB1Tuned-0.6-MAST
tree reuse = true
use score bounds = true
qinit = PARENT
playout value weight = 1.0
final move selection = search.mcts.finalmoveselection.RobustChild@30aab3bb
heuristics:
null

MCTS error in game: Co Chan Cho
java.lang.ArrayIndexOutOfBoundsException
Selection = search.mcts.selection.UCB1Tuned@4463a217
Playout = search.mcts.playout.MAST@16134ff
Backprop = search.mcts.backpropagation.MonteCarloBackprop@11210545
friendly name = MCTS-UCB1Tuned-0.6-MAST
tree reuse = true
use score bounds = true
qinit = PARENT
playout value weight = 1.0
final move selection = search.mcts.finalmoveselection.RobustChild@30aab3bb
heuristics:
null

MCTS error in game: Co Chan Cho
java.lang.ArrayIndexOutOfBoundsException
Selection = search.mcts.selection.UCB1Tuned@4463a217
Playout = search.mcts.playout.MAST@16134ff
Backprop = search.mcts.backpropagation.MonteCarloBackprop@11210545
friendly name = MCTS-UCB1Tuned-0.6-MAST
tree reuse = true
use score bounds = true
qinit = PARENT
playout value weight = 1.0
final move selection = search.mcts.finalmoveselection.RobustChild@30aab3bb
heuristics:
null

MCTS error in game: Co Chan Cho
java.lang.ArrayIndexOutOfBoundsException
Selection = search.mcts.selection.UCB1@6f86989
Playout = search.mcts.playout.MAST@83f8726
Backprop = search.mcts.backpropagation.MonteCarloBackprop@c0002f9
friendly name = MCTS-UCB1-1.41421356237-MAST
tree reuse = true
use score bounds = true
qinit = PARENT
playout value weight = 1.0
final move selection = search.mcts.finalmoveselection.RobustChild@49028d1d
heuristics:
null

MCTS error in game: Co Chan Cho
java.lang.ArrayIndexOutOfBoundsException
Selection = search.mcts.selection.UCB1Tuned@4463a217
Playout = search.mcts.playout.MAST@16134ff
Backprop = search.mcts.backpropagation.MonteCarloBackprop@11210545
friendly name = MCTS-UCB1Tuned-0.6-MAST
tree reuse = true
use score bounds = true
qinit = PARENT
playout value weight = 1.0
final move selection = search.mcts.finalmoveselection.RobustChild@30aab3bb
heuristics:
null

MCTS error in game: Co Chan Cho
java.lang.ArrayIndexOutOfBoundsException
Selection = search.mcts.selection.UCB1Tuned@4463a217
Playout = search.mcts.playout.MAST@16134ff
Backprop = search.mcts.backpropagation.MonteCarloBackprop@11210545
friendly name = MCTS-UCB1Tuned-0.6-MAST
tree reuse = true
use score bounds = true
qinit = PARENT
playout value weight = 1.0
final move selection = search.mcts.finalmoveselection.RobustChild@30aab3bb
heuristics:
null

MCTS error in game: Co Chan Cho
java.lang.ArrayIndexOutOfBoundsException
Selection = search.mcts.selection.UCB1Tuned@4463a217
Playout = search.mcts.playout.MAST@16134ff
Backprop = search.mcts.backpropagation.MonteCarloBackprop@11210545
friendly name = MCTS-UCB1Tuned-0.6-MAST
tree reuse = true
use score bounds = true
qinit = PARENT
playout value weight = 1.0
final move selection = search.mcts.finalmoveselection.RobustChild@30aab3bb
heuristics:
null

MCTS error in game: Co Chan Cho
java.lang.ArrayIndexOutOfBoundsException
Selection = search.mcts.selection.UCB1Tuned@4463a217
Playout = search.mcts.playout.MAST@16134ff
Backprop = search.mcts.backpropagation.MonteCarloBackprop@11210545
friendly name = MCTS-UCB1Tuned-0.6-MAST
tree reuse = true
use score bounds = true
qinit = PARENT
playout value weight = 1.0
final move selection = search.mcts.finalmoveselection.RobustChild@30aab3bb
heuristics:
null

MCTS error in game: Co Chan Cho
java.lang.ArrayIndexOutOfBoundsException
Selection = search.mcts.selection.UCB1Tuned@4463a217
Playout = search.mcts.playout.MAST@16134ff
Backprop = search.mcts.backpropagation.MonteCarloBackprop@11210545
friendly name = MCTS-UCB1Tuned-0.6-MAST
tree reuse = true
use score bounds = true
qinit = PARENT
playout value weight = 1.0
final move selection = search.mcts.finalmoveselection.RobustChild@30aab3bb
heuristics:
null

MCTS error in game: Co Chan Cho
java.lang.ArrayIndexOutOfBoundsException
Selection = search.mcts.selection.UCB1Tuned@4463a217
Playout = search.mcts.playout.MAST@16134ff
Backprop = search.mcts.backpropagation.MonteCarloBackprop@11210545
friendly name = MCTS-UCB1Tuned-0.6-MAST
tree reuse = true
use score bounds = true
qinit = PARENT
playout value weight = 1.0
final move selection = search.mcts.finalmoveselection.RobustChild@30aab3bb
heuristics:
null

MCTS error in game: Co Chan Cho
java.lang.ArrayIndexOutOfBoundsException
Selection = search.mcts.selection.UCB1Tuned@4463a217
Playout = search.mcts.playout.MAST@16134ff
Backprop = search.mcts.backpropagation.MonteCarloBackprop@11210545
friendly name = MCTS-UCB1Tuned-0.6-MAST
tree reuse = true
use score bounds = true
qinit = PARENT
playout value weight = 1.0
final move selection = search.mcts.finalmoveselection.RobustChild@30aab3bb
heuristics:
null

MCTS error in game: Co Chan Cho
java.lang.ArrayIndexOutOfBoundsException
Selection = search.mcts.selection.UCB1Tuned@4463a217
Playout = search.mcts.playout.MAST@16134ff
Backprop = search.mcts.backpropagation.MonteCarloBackprop@11210545
friendly name = MCTS-UCB1Tuned-0.6-MAST
tree reuse = true
use score bounds = true
qinit = PARENT
playout value weight = 1.0
final move selection = search.mcts.finalmoveselection.RobustChild@30aab3bb
heuristics:
null

MCTS error in game: Co Chan Cho
java.lang.ArrayIndexOutOfBoundsException
Selection = search.mcts.selection.UCB1Tuned@4463a217
Playout = search.mcts.playout.MAST@16134ff
Backprop = search.mcts.backpropagation.MonteCarloBackprop@11210545
friendly name = MCTS-UCB1Tuned-0.6-MAST
tree reuse = true
use score bounds = true
qinit = PARENT
playout value weight = 1.0
final move selection = search.mcts.finalmoveselection.RobustChild@30aab3bb
heuristics:
null

MCTS error in game: Co Chan Cho
java.lang.ArrayIndexOutOfBoundsException
Selection = search.mcts.selection.UCB1Tuned@4463a217
Playout = search.mcts.playout.MAST@16134ff
Backprop = search.mcts.backpropagation.MonteCarloBackprop@11210545
friendly name = MCTS-UCB1Tuned-0.6-MAST
tree reuse = true
use score bounds = true
qinit = PARENT
playout value weight = 1.0
final move selection = search.mcts.finalmoveselection.RobustChild@30aab3bb
heuristics:
null

MCTS error in game: Co Chan Cho
java.lang.ArrayIndexOutOfBoundsException
Selection = search.mcts.selection.UCB1Tuned@4463a217
Playout = search.mcts.playout.MAST@16134ff
Backprop = search.mcts.backpropagation.MonteCarloBackprop@11210545
friendly name = MCTS-UCB1Tuned-0.6-MAST
tree reuse = true
use score bounds = true
qinit = PARENT
playout value weight = 1.0
final move selection = search.mcts.finalmoveselection.RobustChild@30aab3bb
heuristics:
null

MCTS error in game: Co Chan Cho
java.lang.ArrayIndexOutOfBoundsException
Selection = search.mcts.selection.UCB1Tuned@4463a217
Playout = search.mcts.playout.MAST@16134ff
Backprop = search.mcts.backpropagation.MonteCarloBackprop@11210545
friendly name = MCTS-UCB1Tuned-0.6-MAST
tree reuse = true
use score bounds = true
qinit = PARENT
playout value weight = 1.0
final move selection = search.mcts.finalmoveselection.RobustChild@30aab3bb
heuristics:
null

MCTS error in game: Co Chan Cho
java.lang.ArrayIndexOutOfBoundsException
Selection = search.mcts.selection.UCB1Tuned@4463a217
Playout = search.mcts.playout.MAST@16134ff
Backprop = search.mcts.backpropagation.MonteCarloBackprop@11210545
friendly name = MCTS-UCB1Tuned-0.6-MAST
tree reuse = true
use score bounds = true
qinit = PARENT
playout value weight = 1.0
final move selection = search.mcts.finalmoveselection.RobustChild@30aab3bb
heuristics:
null

MCTS error in game: Co Chan Cho
java.lang.ArrayIndexOutOfBoundsException
Selection = search.mcts.selection.UCB1Tuned@4463a217
Playout = search.mcts.playout.MAST@16134ff
Backprop = search.mcts.backpropagation.MonteCarloBackprop@11210545
friendly name = MCTS-UCB1Tuned-0.6-MAST
tree reuse = true
use score bounds = true
qinit = PARENT
playout value weight = 1.0
final move selection = search.mcts.finalmoveselection.RobustChild@30aab3bb
heuristics:
null

MCTS error in game: Co Chan Cho
java.lang.ArrayIndexOutOfBoundsException
Selection = search.mcts.selection.UCB1Tuned@4463a217
Playout = search.mcts.playout.MAST@16134ff
Backprop = search.mcts.backpropagation.MonteCarloBackprop@11210545
friendly name = MCTS-UCB1Tuned-0.6-MAST
tree reuse = true
use score bounds = true
qinit = PARENT
playout value weight = 1.0
final move selection = search.mcts.finalmoveselection.RobustChild@30aab3bb
heuristics:
null

MCTS error in game: Co Chan Cho
java.lang.ArrayIndexOutOfBoundsException
Selection = search.mcts.selection.UCB1Tuned@4463a217
Playout = search.mcts.playout.MAST@16134ff
Backprop = search.mcts.backpropagation.MonteCarloBackprop@11210545
friendly name = MCTS-UCB1Tuned-0.6-MAST
tree reuse = true
use score bounds = true
qinit = PARENT
playout value weight = 1.0
final move selection = search.mcts.finalmoveselection.RobustChild@30aab3bb
heuristics:
null

MCTS error in game: Co Chan Cho
java.lang.ArrayIndexOutOfBoundsException
Selection = search.mcts.selection.UCB1Tuned@4463a217
Playout = search.mcts.playout.MAST@16134ff
Backprop = search.mcts.backpropagation.MonteCarloBackprop@11210545
friendly name = MCTS-UCB1Tuned-0.6-MAST
tree reuse = true
use score bounds = true
qinit = PARENT
playout value weight = 1.0
final move selection = search.mcts.finalmoveselection.RobustChild@30aab3bb
heuristics:
null

MCTS error in game: Co Chan Cho
java.lang.ArrayIndexOutOfBoundsException
Selection = search.mcts.selection.UCB1Tuned@4463a217
Playout = search.mcts.playout.MAST@16134ff
Backprop = search.mcts.backpropagation.MonteCarloBackprop@11210545
friendly name = MCTS-UCB1Tuned-0.6-MAST
tree reuse = true
use score bounds = true
qinit = PARENT
playout value weight = 1.0
final move selection = search.mcts.finalmoveselection.RobustChild@30aab3bb
heuristics:
null

MCTS error in game: Co Chan Cho
java.lang.ArrayIndexOutOfBoundsException
Selection = search.mcts.selection.UCB1Tuned@4463a217
Playout = search.mcts.playout.MAST@16134ff
Backprop = search.mcts.backpropagation.MonteCarloBackprop@11210545
friendly name = MCTS-UCB1Tuned-0.6-MAST
tree reuse = true
use score bounds = true
qinit = PARENT
playout value weight = 1.0
final move selection = search.mcts.finalmoveselection.RobustChild@30aab3bb
heuristics:
null

MCTS error in game: Co Chan Cho
java.lang.ArrayIndexOutOfBoundsException
Selection = search.mcts.selection.UCB1Tuned@4463a217
Playout = search.mcts.playout.MAST@16134ff
Backprop = search.mcts.backpropagation.MonteCarloBackprop@11210545
friendly name = MCTS-UCB1Tuned-0.6-MAST
tree reuse = true
use score bounds = true
qinit = PARENT
playout value weight = 1.0
final move selection = search.mcts.finalmoveselection.RobustChild@30aab3bb
heuristics:
null

MCTS error in game: Co Chan Cho
java.lang.ArrayIndexOutOfBoundsException
Selection = search.mcts.selection.UCB1Tuned@4463a217
Playout = search.mcts.playout.MAST@16134ff
Backprop = search.mcts.backpropagation.MonteCarloBackprop@11210545
friendly name = MCTS-UCB1Tuned-0.6-MAST
tree reuse = true
use score bounds = true
qinit = PARENT
playout value weight = 1.0
final move selection = search.mcts.finalmoveselection.RobustChild@30aab3bb
heuristics:
null

MCTS error in game: Co Chan Cho
java.lang.ArrayIndexOutOfBoundsException
Selection = search.mcts.selection.UCB1Tuned@4463a217
Playout = search.mcts.playout.MAST@16134ff
Backprop = search.mcts.backpropagation.MonteCarloBackprop@11210545
friendly name = MCTS-UCB1Tuned-0.6-MAST
tree reuse = true
use score bounds = true
qinit = PARENT
playout value weight = 1.0
final move selection = search.mcts.finalmoveselection.RobustChild@30aab3bb
heuristics:
null

MCTS error in game: Co Chan Cho
java.lang.ArrayIndexOutOfBoundsException
Selection = search.mcts.selection.UCB1Tuned@4463a217
Playout = search.mcts.playout.MAST@16134ff
Backprop = search.mcts.backpropagation.MonteCarloBackprop@11210545
friendly name = MCTS-UCB1Tuned-0.6-MAST
tree reuse = true
use score bounds = true
qinit = PARENT
playout value weight = 1.0
final move selection = search.mcts.finalmoveselection.RobustChild@30aab3bb
heuristics:
null

MCTS error in game: Co Chan Cho
java.lang.ArrayIndexOutOfBoundsException
Selection = search.mcts.selection.UCB1Tuned@4463a217
Playout = search.mcts.playout.MAST@16134ff
Backprop = search.mcts.backpropagation.MonteCarloBackprop@11210545
friendly name = MCTS-UCB1Tuned-0.6-MAST
tree reuse = true
use score bounds = true
qinit = PARENT
playout value weight = 1.0
final move selection = search.mcts.finalmoveselection.RobustChild@30aab3bb
heuristics:
null

MCTS error in game: Co Chan Cho
java.lang.ArrayIndexOutOfBoundsException
Selection = search.mcts.selection.UCB1Tuned@4463a217
Playout = search.mcts.playout.MAST@16134ff
Backprop = search.mcts.backpropagation.MonteCarloBackprop@11210545
friendly name = MCTS-UCB1Tuned-0.6-MAST
tree reuse = true
use score bounds = true
qinit = PARENT
playout value weight = 1.0
final move selection = search.mcts.finalmoveselection.RobustChild@30aab3bb
heuristics:
null

MCTS error in game: Co Chan Cho
java.lang.ArrayIndexOutOfBoundsException
Selection = search.mcts.selection.UCB1Tuned@4463a217
Playout = search.mcts.playout.MAST@16134ff
Backprop = search.mcts.backpropagation.MonteCarloBackprop@11210545
friendly name = MCTS-UCB1Tuned-0.6-MAST
tree reuse = true
use score bounds = true
qinit = PARENT
playout value weight = 1.0
final move selection = search.mcts.finalmoveselection.RobustChild@30aab3bb
heuristics:
null

MCTS error in game: Co Chan Cho
java.lang.ArrayIndexOutOfBoundsException
Selection = search.mcts.selection.UCB1Tuned@4463a217
Playout = search.mcts.playout.MAST@16134ff
Backprop = search.mcts.backpropagation.MonteCarloBackprop@11210545
friendly name = MCTS-UCB1Tuned-0.6-MAST
tree reuse = true
use score bounds = true
qinit = PARENT
playout value weight = 1.0
final move selection = search.mcts.finalmoveselection.RobustChild@30aab3bb
heuristics:
null

MCTS error in game: Co Chan Cho
java.lang.ArrayIndexOutOfBoundsException
Selection = search.mcts.selection.UCB1Tuned@4463a217
Playout = search.mcts.playout.MAST@16134ff
Backprop = search.mcts.backpropagation.MonteCarloBackprop@11210545
friendly name = MCTS-UCB1Tuned-0.6-MAST
tree reuse = true
use score bounds = true
qinit = PARENT
playout value weight = 1.0
final move selection = search.mcts.finalmoveselection.RobustChild@30aab3bb
heuristics:
null

MCTS error in game: Co Chan Cho
java.lang.ArrayIndexOutOfBoundsException
Selection = search.mcts.selection.UCB1Tuned@4463a217
Playout = search.mcts.playout.MAST@16134ff
Backprop = search.mcts.backpropagation.MonteCarloBackprop@11210545
friendly name = MCTS-UCB1Tuned-0.6-MAST
tree reuse = true
use score bounds = true
qinit = PARENT
playout value weight = 1.0
final move selection = search.mcts.finalmoveselection.RobustChild@30aab3bb
heuristics:
null

MCTS error in game: Co Chan Cho
java.lang.ArrayIndexOutOfBoundsException
Selection = search.mcts.selection.UCB1Tuned@4463a217
Playout = search.mcts.playout.MAST@16134ff
Backprop = search.mcts.backpropagation.MonteCarloBackprop@11210545
friendly name = MCTS-UCB1Tuned-0.6-MAST
tree reuse = true
use score bounds = true
qinit = PARENT
playout value weight = 1.0
final move selection = search.mcts.finalmoveselection.RobustChild@30aab3bb
heuristics:
null

MCTS error in game: Co Chan Cho
java.lang.ArrayIndexOutOfBoundsException
