ERROR in updatePessBounds()!
oldPess = -0.33333333333333326
minPess = -0.5
pessBound = 0.0
ERROR in updatePessBounds()!
oldPess = -0.33333333333333326
minPess = -0.5
pessBound = 0.0
ERROR in updatePessBounds()!
oldPess = 0.0
minPess = -0.16666666666666652
pessBound = 0.33333333333333337
ERROR in updatePessBounds()!
oldPess = 0.0
minPess = -0.33333333333333326
pessBound = 0.33333333333333337
ERROR in updatePessBounds()!
oldPess = 0.0
minPess = -0.33333333333333326
pessBound = 0.5
ERROR in updatePessBounds()!
oldPess = -0.33333333333333326
minPess = -1.0
pessBound = 0.0
