Selection = search.mcts.selection.UCB1Tuned@31cee426
Playout = search.mcts.playout.MAST@74cc7c7b
Backprop = search.mcts.backpropagation.MonteCarloBackprop@7b0f118b
friendly name = MCTS-UCB1Tuned-0.6-MAST
tree reuse = true
use score bounds = false
qinit = PARENT
playout value weight = 1.0
final move selection = search.mcts.finalmoveselection.RobustChild@45722bdc
heuristics:
null

MCTS error in game: Aj Sina'anil
java.lang.ArrayIndexOutOfBoundsException: Index -1 out of bounds for length 1
	at search.mcts.nodes.OpenLoopNode.childForNthLegalMove(OpenLoopNode.java:103)
	at search.mcts.nodes.OpenLoopNode.childForNthLegalMove(OpenLoopNode.java:20)
	at search.mcts.MCTS.lambda$selectAction$0(MCTS.java:640)
	at java.base/java.util.concurrent.Executors$RunnableAdapter.call(Executors.java:515)
	at java.base/java.util.concurrent.FutureTask.run(FutureTask.java:264)
	at java.base/java.util.concurrent.ThreadPoolExecutor.runWorker(ThreadPoolExecutor.java:1128)
	at java.base/java.util.concurrent.ThreadPoolExecutor$Worker.run(ThreadPoolExecutor.java:628)
	at java.base/java.lang.Thread.run(Thread.java:834)
MCTS error in game: Aj Sina'anil
java.lang.ArrayIndexOutOfBoundsException: Index -1 out of bounds for length 10
	at main.collections.FastArrayList.get(FastArrayList.java:261)
	at search.mcts.playout.NST$NSTMoveSelector.selectMove(NST.java:201)
	at playout_move_selectors.EpsilonGreedyWrapper.selectMove(EpsilonGreedyWrapper.java:50)
	at other.model.AlternatingMove.playout(AlternatingMove.java:623)
	at game.Game.playout(Game.java:3635)
	at search.mcts.playout.NST.runPlayout(NST.java:70)
	at search.mcts.MCTS.lambda$selectAction$0(MCTS.java:706)
	at java.base/java.util.concurrent.Executors$RunnableAdapter.call(Executors.java:515)
	at java.base/java.util.concurrent.FutureTask.run(FutureTask.java:264)
	at java.base/java.util.concurrent.ThreadPoolExecutor.runWorker(ThreadPoolExecutor.java:1128)
	at java.base/java.util.concurrent.ThreadPoolExecutor$Worker.run(ThreadPoolExecutor.java:628)
	at java.base/java.lang.Thread.run(Thread.java:834)
