MCTS error in game: N Puzzles
java.lang.NullPointerException
	at search.mcts.MCTS.lambda$selectAction$0(MCTS.java:632)
	at java.base/java.util.concurrent.Executors$RunnableAdapter.call(Executors.java:515)
	at java.base/java.util.concurrent.FutureTask.run(FutureTask.java:264)
	at java.base/java.util.concurrent.ThreadPoolExecutor.runWorker(ThreadPoolExecutor.java:1128)
	at java.base/java.util.concurrent.ThreadPoolExecutor$Worker.run(ThreadPoolExecutor.java:628)
	at java.base/java.lang.Thread.run(Thread.java:834)
MCTS error in game: N Puzzles
java.lang.NullPointerException
	at search.mcts.MCTS.lambda$selectAction$0(MCTS.java:632)
	at java.base/java.util.concurrent.Executors$RunnableAdapter.call(Executors.java:515)
	at java.base/java.util.concurrent.FutureTask.run(FutureTask.java:264)
	at java.base/java.util.concurrent.ThreadPoolExecutor.runWorker(ThreadPoolExecutor.java:1128)
	at java.base/java.util.concurrent.ThreadPoolExecutor$Worker.run(ThreadPoolExecutor.java:628)
	at java.base/java.lang.Thread.run(Thread.java:834)
MCTS error in game: N Puzzles
java.lang.NullPointerException
	at search.mcts.MCTS.lambda$selectAction$0(MCTS.java:632)
	at java.base/java.util.concurrent.Executors$RunnableAdapter.call(Executors.java:515)
	at java.base/java.util.concurrent.FutureTask.run(FutureTask.java:264)
	at java.base/java.util.concurrent.ThreadPoolExecutor.runWorker(ThreadPoolExecutor.java:1128)
	at java.base/java.util.concurrent.ThreadPoolExecutor$Worker.run(ThreadPoolExecutor.java:628)
	at java.base/java.lang.Thread.run(Thread.java:834)
MCTS error in game: N Puzzles
java.lang.NullPointerException
	at search.mcts.MCTS.lambda$selectAction$0(MCTS.java:632)
	at java.base/java.util.concurrent.Executors$RunnableAdapter.call(Executors.java:515)
	at java.base/java.util.concurrent.FutureTask.run(FutureTask.java:264)
	at java.base/java.util.concurrent.ThreadPoolExecutor.runWorker(ThreadPoolExecutor.java:1128)
	at java.base/java.util.concurrent.ThreadPoolExecutor$Worker.run(ThreadPoolExecutor.java:628)
	at java.base/java.lang.Thread.run(Thread.java:834)
MCTS error in game: N Puzzles
java.lang.NullPointerException
	at search.mcts.MCTS.lambda$selectAction$0(MCTS.java:632)
	at java.base/java.util.concurrent.Executors$RunnableAdapter.call(Executors.java:515)
	at java.base/java.util.concurrent.FutureTask.run(FutureTask.java:264)
	at java.base/java.util.concurrent.ThreadPoolExecutor.runWorker(ThreadPoolExecutor.java:1128)
	at java.base/java.util.concurrent.ThreadPoolExecutor$Worker.run(ThreadPoolExecutor.java:628)
	at java.base/java.lang.Thread.run(Thread.java:834)
MCTS error in game: N Puzzles
java.lang.NullPointerException
	at search.mcts.MCTS.lambda$selectAction$0(MCTS.java:632)
	at java.base/java.util.concurrent.Executors$RunnableAdapter.call(Executors.java:515)
	at java.base/java.util.concurrent.FutureTask.run(FutureTask.java:264)
	at java.base/java.util.concurrent.ThreadPoolExecutor.runWorker(ThreadPoolExecutor.java:1128)
	at java.base/java.util.concurrent.ThreadPoolExecutor$Worker.run(ThreadPoolExecutor.java:628)
	at java.base/java.lang.Thread.run(Thread.java:834)
MCTS error in game: N Puzzles
java.lang.NullPointerException
	at search.mcts.MCTS.lambda$selectAction$0(MCTS.java:632)
	at java.base/java.util.concurrent.Executors$RunnableAdapter.call(Executors.java:515)
	at java.base/java.util.concurrent.FutureTask.run(FutureTask.java:264)
	at java.base/java.util.concurrent.ThreadPoolExecutor.runWorker(ThreadPoolExecutor.java:1128)
	at java.base/java.util.concurrent.ThreadPoolExecutor$Worker.run(ThreadPoolExecutor.java:628)
	at java.base/java.lang.Thread.run(Thread.java:834)
MCTS error in game: N Puzzles
java.lang.NullPointerException
	at search.mcts.MCTS.lambda$selectAction$0(MCTS.java:632)
	at java.base/java.util.concurrent.Executors$RunnableAdapter.call(Executors.java:515)
	at java.base/java.util.concurrent.FutureTask.run(FutureTask.java:264)
	at java.base/java.util.concurrent.ThreadPoolExecutor.runWorker(ThreadPoolExecutor.java:1128)
	at java.base/java.util.concurrent.ThreadPoolExecutor$Worker.run(ThreadPoolExecutor.java:628)
	at java.base/java.lang.Thread.run(Thread.java:834)
MCTS error in game: N Puzzles
java.lang.NullPointerException
	at search.mcts.MCTS.lambda$selectAction$0(MCTS.java:632)
	at java.base/java.util.concurrent.Executors$RunnableAdapter.call(Executors.java:515)
	at java.base/java.util.concurrent.FutureTask.run(FutureTask.java:264)
	at java.base/java.util.concurrent.ThreadPoolExecutor.runWorker(ThreadPoolExecutor.java:1128)
	at java.base/java.util.concurrent.ThreadPoolExecutor$Worker.run(ThreadPoolExecutor.java:628)
	at java.base/java.lang.Thread.run(Thread.java:834)
MCTS error in game: N Puzzles
java.lang.NullPointerException
	at search.mcts.MCTS.lambda$selectAction$0(MCTS.java:632)
	at java.base/java.util.concurrent.Executors$RunnableAdapter.call(Executors.java:515)
	at java.base/java.util.concurrent.FutureTask.run(FutureTask.java:264)
	at java.base/java.util.concurrent.ThreadPoolExecutor.runWorker(ThreadPoolExecutor.java:1128)
	at java.base/java.util.concurrent.ThreadPoolExecutor$Worker.run(ThreadPoolExecutor.java:628)
	at java.base/java.lang.Thread.run(Thread.java:834)
MCTS error in game: N Puzzles
java.lang.NullPointerException
	at search.mcts.MCTS.lambda$selectAction$0(MCTS.java:632)
	at java.base/java.util.concurrent.Executors$RunnableAdapter.call(Executors.java:515)
	at java.base/java.util.concurrent.FutureTask.run(FutureTask.java:264)
	at java.base/java.util.concurrent.ThreadPoolExecutor.runWorker(ThreadPoolExecutor.java:1128)
	at java.base/java.util.concurrent.ThreadPoolExecutor$Worker.run(ThreadPoolExecutor.java:628)
	at java.base/java.lang.Thread.run(Thread.java:834)
MCTS error in game: N Puzzles
java.lang.NullPointerException
	at search.mcts.MCTS.lambda$selectAction$0(MCTS.java:632)
	at java.base/java.util.concurrent.Executors$RunnableAdapter.call(Executors.java:515)
	at java.base/java.util.concurrent.FutureTask.run(FutureTask.java:264)
	at java.base/java.util.concurrent.ThreadPoolExecutor.runWorker(ThreadPoolExecutor.java:1128)
	at java.base/java.util.concurrent.ThreadPoolExecutor$Worker.run(ThreadPoolExecutor.java:628)
	at java.base/java.lang.Thread.run(Thread.java:834)
MCTS error in game: N Puzzles
java.lang.NullPointerException
	at search.mcts.MCTS.lambda$selectAction$0(MCTS.java:632)
	at java.base/java.util.concurrent.Executors$RunnableAdapter.call(Executors.java:515)
	at java.base/java.util.concurrent.FutureTask.run(FutureTask.java:264)
	at java.base/java.util.concurrent.ThreadPoolExecutor.runWorker(ThreadPoolExecutor.java:1128)
	at java.base/java.util.concurrent.ThreadPoolExecutor$Worker.run(ThreadPoolExecutor.java:628)
	at java.base/java.lang.Thread.run(Thread.java:834)
MCTS error in game: N Puzzles
java.lang.NullPointerException
	at search.mcts.MCTS.lambda$selectAction$0(MCTS.java:632)
	at java.base/java.util.concurrent.Executors$RunnableAdapter.call(Executors.java:515)
	at java.base/java.util.concurrent.FutureTask.run(FutureTask.java:264)
	at java.base/java.util.concurrent.ThreadPoolExecutor.runWorker(ThreadPoolExecutor.java:1128)
	at java.base/java.util.concurrent.ThreadPoolExecutor$Worker.run(ThreadPoolExecutor.java:628)
	at java.base/java.lang.Thread.run(Thread.java:834)
MCTS error in game: N Puzzles
java.lang.NullPointerException
	at search.mcts.MCTS.lambda$selectAction$0(MCTS.java:632)
	at java.base/java.util.concurrent.Executors$RunnableAdapter.call(Executors.java:515)
	at java.base/java.util.concurrent.FutureTask.run(FutureTask.java:264)
	at java.base/java.util.concurrent.ThreadPoolExecutor.runWorker(ThreadPoolExecutor.java:1128)
	at java.base/java.util.concurrent.ThreadPoolExecutor$Worker.run(ThreadPoolExecutor.java:628)
	at java.base/java.lang.Thread.run(Thread.java:834)
MCTS error in game: N Puzzles
java.lang.NullPointerException
	at search.mcts.MCTS.lambda$selectAction$0(MCTS.java:632)
	at java.base/java.util.concurrent.Executors$RunnableAdapter.call(Executors.java:515)
	at java.base/java.util.concurrent.FutureTask.run(FutureTask.java:264)
	at java.base/java.util.concurrent.ThreadPoolExecutor.runWorker(ThreadPoolExecutor.java:1128)
	at java.base/java.util.concurrent.ThreadPoolExecutor$Worker.run(ThreadPoolExecutor.java:628)
	at java.base/java.lang.Thread.run(Thread.java:834)
MCTS error in game: N Puzzles
java.lang.NullPointerException
	at search.mcts.MCTS.lambda$selectAction$0(MCTS.java:632)
	at java.base/java.util.concurrent.Executors$RunnableAdapter.call(Executors.java:515)
	at java.base/java.util.concurrent.FutureTask.run(FutureTask.java:264)
	at java.base/java.util.concurrent.ThreadPoolExecutor.runWorker(ThreadPoolExecutor.java:1128)
	at java.base/java.util.concurrent.ThreadPoolExecutor$Worker.run(ThreadPoolExecutor.java:628)
	at java.base/java.lang.Thread.run(Thread.java:834)
Exception in thread "main" java.lang.OutOfMemoryError: Java heap space
	at java.base/java.util.Arrays.copyOf(Arrays.java:3689)
	at java.base/java.util.ArrayList.toArray(ArrayList.java:400)
	at java.base/java.util.ArrayList.<init>(ArrayList.java:179)
	at other.trial.Trial.<init>(Trial.java:167)
	at other.context.Context.copyTrial(Context.java:362)
	at other.context.Context.<init>(Context.java:283)
	at other.context.Context.<init>(Context.java:263)
	at other.context.Context.<init>(Context.java:239)
	at other.AI.lambda$static$0(AI.java:470)
	at other.AI$$Lambda$1/0x0000000800065840.copy(Unknown Source)
	at other.AI.copyContext(AI.java:226)
	at search.mcts.nodes.OpenLoopNode.rootInit(OpenLoopNode.java:182)
	at search.mcts.MCTS.selectAction(MCTS.java:590)
	at other.model.AlternatingMove.startNewStep(AlternatingMove.java:289)
	at other.model.AlternatingMove.startNewStep(AlternatingMove.java:214)
	at other.model.Model.startNewStep(Model.java:190)
	at supplementary.experiments.EvalGamesSet$1.runExperiment(EvalGamesSet.java:311)
	at utils.experiments.InterruptableExperiment.<init>(InterruptableExperiment.java:128)
	at supplementary.experiments.EvalGamesSet$1.<init>(EvalGamesSet.java:188)
	at supplementary.experiments.EvalGamesSet.startGames(EvalGamesSet.java:187)
	at supplementary.experiments.EvalGamesSet.startGames(EvalGamesSet.java:142)
	at supplementary.experiments.eval.EvalAgents.startExperiment(EvalAgents.java:167)
	at supplementary.experiments.eval.EvalAgents.main(EvalAgents.java:345)
	at app.PlayerCLI.runCommand(PlayerCLI.java:98)
	at app.StartDesktopApp.main(StartDesktopApp.java:22)
