MCTS error in game: So Long Sucker
java.lang.ArrayIndexOutOfBoundsException: Index -1 out of bounds for length 48
	at game.rules.play.moves.nonDecision.operators.foreach.level.ForEachLevel.eval(ForEachLevel.java:78)
	at game.rules.play.moves.nonDecision.operators.logical.If.eval(If.java:122)
	at game.rules.play.moves.nonDecision.operators.logical.If.eval(If.java:131)
	at game.Game.moves(Game.java:2848)
	at other.model.AlternatingMove.playout(AlternatingMove.java:605)
	at game.Game.playout(Game.java:3635)
	at search.mcts.playout.MAST.runPlayout(MAST.java:66)
	at search.mcts.MCTS.lambda$selectAction$0(MCTS.java:706)
	at java.base/java.util.concurrent.Executors$RunnableAdapter.call(Executors.java:515)
	at java.base/java.util.concurrent.FutureTask.run(FutureTask.java:264)
	at java.base/java.util.concurrent.ThreadPoolExecutor.runWorker(ThreadPoolExecutor.java:1128)
	at java.base/java.util.concurrent.ThreadPoolExecutor$Worker.run(ThreadPoolExecutor.java:628)
	at java.base/java.lang.Thread.run(Thread.java:834)
MCTS error in game: So Long Sucker
java.lang.ArrayIndexOutOfBoundsException: Index -1 out of bounds for length 48
	at game.rules.play.moves.nonDecision.operators.foreach.level.ForEachLevel.eval(ForEachLevel.java:78)
	at game.rules.play.moves.nonDecision.operators.logical.If.eval(If.java:122)
	at game.rules.play.moves.nonDecision.operators.logical.If.eval(If.java:131)
	at game.Game.moves(Game.java:2848)
	at other.model.AlternatingMove.playout(AlternatingMove.java:605)
	at game.Game.playout(Game.java:3635)
	at search.mcts.playout.MAST.runPlayout(MAST.java:66)
	at search.mcts.MCTS.lambda$selectAction$0(MCTS.java:706)
	at java.base/java.util.concurrent.Executors$RunnableAdapter.call(Executors.java:515)
	at java.base/java.util.concurrent.FutureTask.run(FutureTask.java:264)
	at java.base/java.util.concurrent.ThreadPoolExecutor.runWorker(ThreadPoolExecutor.java:1128)
	at java.base/java.util.concurrent.ThreadPoolExecutor$Worker.run(ThreadPoolExecutor.java:628)
	at java.base/java.lang.Thread.run(Thread.java:834)
MCTS error in game: So Long Sucker
java.lang.ArrayIndexOutOfBoundsException
MCTS error in game: So Long Sucker
java.lang.ArrayIndexOutOfBoundsException
